#
# There is insufficient memory for the Java Runtime Environment to continue.
# Native memory allocation (malloc) failed to allocate 1048576 bytes for AllocateHeap
# Possible reasons:
#   The system is out of physical RAM or swap space
#   The process is running with CompressedOops enabled, and the Java Heap may be blocking the growth of the native heap
# Possible solutions:
#   Reduce memory load on the system
#   Increase physical memory or swap space
#   Check if swap backing store is full
#   Decrease Java heap size (-Xmx/-Xms)
#   Decrease number of Java threads
#   Decrease Java thread stack sizes (-Xss)
#   Set larger code cache with -XX:ReservedCodeCacheSize=
#   JVM is running with Unscaled Compressed Oops mode in which the Java heap is
#     placed in the first 4GB address space. The Java Heap base address is the
#     maximum limit for the native heap growth. Please use -XX:HeapBaseMinAddress
#     to set the Java Heap base and to place the Java Heap above 4GB virtual address.
# This output file may be truncated or incomplete.
#
#  Out of Memory Error (memory/allocation.inline.hpp:61), pid=9920, tid=0x00000000000037b8
#
# JRE version:  (8.0_302-b08) (build )
# Java VM: OpenJDK 64-Bit Server VM (25.302-b08 mixed mode windows-amd64 compressed oops)
# Failed to write core dump. Minidumps are not enabled by default on client versions of Windows
#

---------------  T H R E A D  ---------------

Current thread (0x00000164e03b2000):  JavaThread "Unknown thread" [_thread_in_vm, id=14264, stack(0x0000002627d00000,0x0000002627e00000)]

Stack: [0x0000002627d00000,0x0000002627e00000]
[error occurred during error reporting (printing stack bounds), id 0xc0000005]

Native frames: (J=compiled Java code, j=interpreted, Vv=VM code, C=native code)


---------------  P R O C E S S  ---------------

Java Threads: ( => current thread )

Other Threads:

=>0x00000164e03b2000 (exited) JavaThread "Unknown thread" [_thread_in_vm, id=14264, stack(0x0000002627d00000,0x0000002627e00000)]

VM state:not at safepoint (normal execution)

VM Mutex/Monitor currently owned by a thread: None

heap address: 0x00000000a2400000, size: 1500 MB, Compressed Oops mode: 32-bit
Narrow klass base: 0x0000000000000000, Narrow klass shift: 3
Compressed class space size: 1073741824 Address: 0x0000000100000000

Heap:
 PSYoungGen      total 28160K, used 491K [0x00000000e0c00000, 0x00000000e2b00000, 0x0000000100000000)
  eden space 24576K, 2% used [0x00000000e0c00000,0x00000000e0c7ae20,0x00000000e2400000)
  from space 3584K, 0% used [0x00000000e2780000,0x00000000e2780000,0x00000000e2b00000)
  to   space 3584K, 0% used [0x00000000e2400000,0x00000000e2400000,0x00000000e2780000)
 ParOldGen       total 64512K, used 0K [0x00000000a2400000, 0x00000000a6300000, 0x00000000e0c00000)
  object space 64512K, 0% used [0x00000000a2400000,0x00000000a2400000,0x00000000a6300000)
 Metaspace       used 781K, capacity 4480K, committed 4480K, reserved 1056768K
  class space    used 76K, capacity 384K, committed 384K, reserved 1048576K

Card table byte_map: [0x00000164f0fd0000,0x00000164f12c0000] byte_map_base: 0x00000164f0abe000

Marking Bits: (ParMarkBitMap*) 0x000000005b261820
 Begin Bits: [0x00000164f14c0000, 0x00000164f2c30000)
 End Bits:   [0x00000164f2c30000, 0x00000164f43a0000)

Polling page: 0x00000164e02e0000

CodeCache: size=245760Kb used=328Kb max_used=328Kb free=245431Kb
 bounds [0x00000164e1c10000, 0x00000164e1e80000, 0x00000164f0c10000]
 total_blobs=57 nmethods=0 adapters=38
 compilation: enabled

Compilation events (0 events):
No events

GC Heap History (0 events):
No events

Deoptimization events (0 events):
No events

Classes redefined (0 events):
No events

Internal exceptions (0 events):
No events

Events (10 events):
Event: 0.121 loading class java/lang/Short
Event: 0.121 loading class java/lang/Short done
Event: 0.121 loading class java/lang/Integer
Event: 0.122 loading class java/lang/Integer done
Event: 0.122 loading class java/lang/Long
Event: 0.122 loading class java/lang/Long done
Event: 0.125 loading class java/lang/NullPointerException
Event: 0.125 loading class java/lang/NullPointerException done
Event: 0.125 loading class java/lang/ArithmeticException
Event: 0.125 loading class java/lang/ArithmeticException done


Dynamic libraries:
0x00007ff7b7f40000 - 0x00007ff7b7f7a000 	C:\Users\chem\.jdks\corretto-1.8.0_302\bin\java.exe
0x00007ffec77d0000 - 0x00007ffec79c5000 	C:\WINDOWS\SYSTEM32\ntdll.dll
0x00007ffec7360000 - 0x00007ffec741d000 	C:\WINDOWS\System32\KERNEL32.DLL
0x00007ffec4b60000 - 0x00007ffec4e29000 	C:\WINDOWS\System32\KERNELBASE.dll
0x00007ffec4ef0000 - 0x00007ffec4f9c000 	C:\WINDOWS\System32\ADVAPI32.dll
0x00007ffec6bf0000 - 0x00007ffec6c8e000 	C:\WINDOWS\System32\msvcrt.dll
0x00007ffec7420000 - 0x00007ffec74bb000 	C:\WINDOWS\System32\sechost.dll
0x00007ffec5ed0000 - 0x00007ffec5ffa000 	C:\WINDOWS\System32\RPCRT4.dll
0x00007ffec6000000 - 0x00007ffec61a0000 	C:\WINDOWS\System32\USER32.dll
0x00007ffec4520000 - 0x00007ffec4542000 	C:\WINDOWS\System32\win32u.dll
0x00007ffec5050000 - 0x00007ffec507a000 	C:\WINDOWS\System32\GDI32.dll
0x00007ffec4900000 - 0x00007ffec4a0b000 	C:\WINDOWS\System32\gdi32full.dll
0x00007ffec4a10000 - 0x00007ffec4aad000 	C:\WINDOWS\System32\msvcp_win.dll
0x00007ffec4600000 - 0x00007ffec4700000 	C:\WINDOWS\System32\ucrtbase.dll
0x00007ffeb18a0000 - 0x00007ffeb1b3a000 	C:\WINDOWS\WinSxS\amd64_microsoft.windows.common-controls_6595b64144ccf1df_6.0.19041.1110_none_60b5254171f9507e\COMCTL32.dll
0x00007ffec6b40000 - 0x00007ffec6b70000 	C:\WINDOWS\System32\IMM32.DLL
0x00007ffe9fa90000 - 0x00007ffe9fb7f000 	C:\Users\chem\.jdks\corretto-1.8.0_302\jre\bin\msvcr120.dll
0x00007ffe9f110000 - 0x00007ffe9f1b6000 	C:\Users\chem\.jdks\corretto-1.8.0_302\jre\bin\msvcp120.dll
0x000000005aa70000 - 0x000000005b2e0000 	C:\Users\chem\.jdks\corretto-1.8.0_302\jre\bin\server\jvm.dll
0x00007ffec6b70000 - 0x00007ffec6b78000 	C:\WINDOWS\System32\PSAPI.DLL
0x00007ffeb45e0000 - 0x00007ffeb45e9000 	C:\WINDOWS\SYSTEM32\WSOCK32.dll
0x00007ffec7220000 - 0x00007ffec728b000 	C:\WINDOWS\System32\WS2_32.dll
0x00007ffeb28a0000 - 0x00007ffeb28c7000 	C:\WINDOWS\SYSTEM32\WINMM.dll
0x00007ffeb55a0000 - 0x00007ffeb55aa000 	C:\WINDOWS\SYSTEM32\VERSION.dll
0x00007ffebfc70000 - 0x00007ffebfc7f000 	C:\Users\chem\.jdks\corretto-1.8.0_302\jre\bin\verify.dll
0x00007ffeb12a0000 - 0x00007ffeb12c9000 	C:\Users\chem\.jdks\corretto-1.8.0_302\jre\bin\java.dll
0x00007ffeaa7b0000 - 0x00007ffeaa7da000 	C:\Users\chem\.jdks\corretto-1.8.0_302\jre\bin\instrument.dll
0x00007ffebcd40000 - 0x00007ffebcd56000 	C:\Users\chem\.jdks\corretto-1.8.0_302\jre\bin\zip.dll

VM Arguments:
jvm_args: -ea -Didea.test.cyclic.buffer.size=1048576 -javaagent:C:\Program Files\JetBrains\IntelliJ IDEA Educational Edition 2021.1\lib\idea_rt.jar=53163:C:\Program Files\JetBrains\IntelliJ IDEA Educational Edition 2021.1\bin -Dfile.encoding=UTF-8 
java_command: com.intellij.rt.testng.RemoteTestNGStarter -usedefaultlisteners false -socket53162 @w@C:\Users\chem\AppData\Local\Temp\idea_working_dirs_testng.tmp -temp C:\Users\chem\AppData\Local\Temp\idea_testng.tmp
java_class_path (initial): C:\Program Files\JetBrains\IntelliJ IDEA Educational Edition 2021.1\lib\idea_rt.jar;C:\Program Files\JetBrains\IntelliJ IDEA Educational Edition 2021.1\plugins\testng\lib\testng-rt.jar;C:\Users\chem\.jdks\corretto-1.8.0_302\jre\lib\charsets.jar;C:\Users\chem\.jdks\corretto-1.8.0_302\jre\lib\ext\access-bridge-64.jar;C:\Users\chem\.jdks\corretto-1.8.0_302\jre\lib\ext\cldrdata.jar;C:\Users\chem\.jdks\corretto-1.8.0_302\jre\lib\ext\dnsns.jar;C:\Users\chem\.jdks\corretto-1.8.0_302\jre\lib\ext\jaccess.jar;C:\Users\chem\.jdks\corretto-1.8.0_302\jre\lib\ext\jfxrt.jar;C:\Users\chem\.jdks\corretto-1.8.0_302\jre\lib\ext\localedata.jar;C:\Users\chem\.jdks\corretto-1.8.0_302\jre\lib\ext\nashorn.jar;C:\Users\chem\.jdks\corretto-1.8.0_302\jre\lib\ext\sunec.jar;C:\Users\chem\.jdks\corretto-1.8.0_302\jre\lib\ext\sunjce_provider.jar;C:\Users\chem\.jdks\corretto-1.8.0_302\jre\lib\ext\sunmscapi.jar;C:\Users\chem\.jdks\corretto-1.8.0_302\jre\lib\ext\sunpkcs11.jar;C:\Users\chem\.jdks\corretto-1.8.0_302\jre\lib\ext\zipfs.jar;C:\Users\chem\.jdks\corretto-1.8.0_302\jre\lib\jce.jar;C:\Users\chem\.jdks\corretto-1.8.0_302\jre\lib\jfr.jar;C:\Users\chem\.jdks\corretto-1.8.0_302\jre\lib\jfxswt.jar;C:\Users\chem\.jdks\corretto-1.8.0_302\jre\lib\jsse.jar;C:\Users\chem\.jdks\corretto-1.8.0_302\jre\lib\management-agent.jar;C:\Users\chem\.jdks\corretto-1.8.0_302\jre\lib\resources.jar;C:\Users\chem\.jdks\corretto-1.8.0_302\jre\lib\rt.jar;D:\RestAssured\target\test-classes;C:\Users\chem\.m2\repository\io\rest-assured\rest-assured\4.2.0\rest-assured-4.2.0.jar;C:\Users\chem\.m2\repository\org\codehaus\groovy\groovy\2.5.8\groovy-2.5.8.jar;C:\Users\chem\.m2\repository\org\codehaus\groovy\groovy-xml\2.5.8\groovy-xml-2.5.8.jar;C:\Users\chem\.m2\repository\org\apache\httpcomponents\httpclient\4.5.3\httpclient-4.5.3.jar;C:\Users\chem\.m2\repository\org\apache\httpcomponents\httpcore\4.4.6\httpcore-4.4.6.jar;C:\Users\chem\.m2\repository\commons-logging\commons-logging\1.2\commons-log
Launcher Type: SUN_STANDARD

Environment Variables:
PATH=C:\Program Files (x86)\Common Files\Oracle\Java\javapath;C:\Program Files\Common Files\Oracle\Java\javapath;C:\Program Files (x86)\Common Files\Intel\Shared Files\cpp\bin\Intel64;C:\Program Files\Common Files\Microsoft Shared\Windows Live;C:\Program Files (x86)\Common Files\Microsoft Shared\Windows Live;C:\Program Files\Broadcom\Broadcom 802.11 Network Adapter\Driver;C:\Program Files (x86)\NVIDIA Corporation\PhysX\Common;C:\WINDOWS\system32;C:\WINDOWS;C:\WINDOWS\System32\Wbem;C:\WINDOWS\System32\WindowsPowerShell\v1.0\;C:\Program Files\Intel\WiFi\bin\;C:\Program Files\Common Files\Intel\WirelessCommon\;C:\Program Files (x86)\Windows Live\Shared;C:\Program Files\Calibre2\;C:\WINDOWS\System32\OpenSSH\;C:\Program Files\Git\cmd;C:\Program Files\Intel\WiFi\bin\;C:\Program Files\Common Files\Intel\WirelessCommon\;C:\Users\chem\AppData\Local\Microsoft\WindowsApps;C:\Users\chem\AppData\Local\GitHubDesktop\bin
USERNAME=chem
OS=Windows_NT
PROCESSOR_IDENTIFIER=Intel64 Family 6 Model 42 Stepping 7, GenuineIntel



---------------  S Y S T E M  ---------------

OS: Windows 10.0 , 64 bit Build 19041 (10.0.19041.1151)

CPU:total 4 (initial active 4) (2 cores per cpu, 2 threads per core) family 6 model 42 stepping 7, cmov, cx8, fxsr, mmx, sse, sse2, sse3, ssse3, sse4.1, sse4.2, popcnt, avx, aes, clmul, ht, tsc, tscinvbit

Memory: 4k page, physical 6139756k(504408k free), swap 7824236k(5592k free)

vm_info: OpenJDK 64-Bit Server VM (25.302-b08) for windows-amd64 JRE (1.8.0_302-b08), built on Jul 15 2021 19:37:21 by "Administrator" with MS VC++ 12.0 (VS2013)

time: Mon Sep 13 20:35:09 2021
timezone: Turkey Standard Time
elapsed time: 0.185331 seconds (0d 0h 0m 0s)

