#
# There is insufficient memory for the Java Runtime Environment to continue.
# Native memory allocation (malloc) failed to allocate 101776 bytes for Chunk::new
# Possible reasons:
#   The system is out of physical RAM or swap space
#   The process is running with CompressedOops enabled, and the Java Heap may be blocking the growth of the native heap
# Possible solutions:
#   Reduce memory load on the system
#   Increase physical memory or swap space
#   Check if swap backing store is full
#   Decrease Java heap size (-Xmx/-Xms)
#   Decrease number of Java threads
#   Decrease Java thread stack sizes (-Xss)
#   Set larger code cache with -XX:ReservedCodeCacheSize=
#   JVM is running with Unscaled Compressed Oops mode in which the Java heap is
#     placed in the first 4GB address space. The Java Heap base address is the
#     maximum limit for the native heap growth. Please use -XX:HeapBaseMinAddress
#     to set the Java Heap base and to place the Java Heap above 4GB virtual address.
# This output file may be truncated or incomplete.
#
#  Out of Memory Error (allocation.cpp:389), pid=8260, tid=0x00000000000016f8
#
# JRE version: OpenJDK Runtime Environment (8.0_302-b08) (build 1.8.0_302-b08)
# Java VM: OpenJDK 64-Bit Server VM (25.302-b08 mixed mode windows-amd64 compressed oops)
# Failed to write core dump. Minidumps are not enabled by default on client versions of Windows
#

---------------  T H R E A D  ---------------

Current thread (0x000001c72e958800):  JavaThread "C2 CompilerThread1" daemon [_thread_in_native, id=5880, stack(0x00000065d5f00000,0x00000065d6000000)]

Stack: [0x00000065d5f00000,0x00000065d6000000]
[error occurred during error reporting (printing stack bounds), id 0xc0000005]

Native frames: (J=compiled Java code, j=interpreted, Vv=VM code, C=native code)


Current CompileTask:
C2:  11333 3130   !   4       groovy.lang.MetaClassImpl::getProperty (438 bytes)


---------------  P R O C E S S  ---------------

Java Threads: ( => current thread )
  0x000001c72e960000 JavaThread "Service Thread" daemon [_thread_blocked, id=7592, stack(0x00000065d6100000,0x00000065d6200000)]
  0x000001c72de2d800 JavaThread "C1 CompilerThread2" daemon [_thread_blocked, id=8456, stack(0x00000065d6000000,0x00000065d6100000)]
=>0x000001c72e958800 JavaThread "C2 CompilerThread1" daemon [_thread_in_native, id=5880, stack(0x00000065d5f00000,0x00000065d6000000)]
  0x000001c72de09000 JavaThread "C2 CompilerThread0" daemon [_thread_in_native, id=10120, stack(0x00000065d5e00000,0x00000065d5f00000)]
  0x000001c72dd9c000 JavaThread "Monitor Ctrl-Break" daemon [_thread_in_native, id=8664, stack(0x00000065d5d00000,0x00000065d5e00000)]
  0x000001c72dd7e800 JavaThread "Attach Listener" daemon [_thread_blocked, id=11196, stack(0x00000065d5c00000,0x00000065d5d00000)]
  0x000001c72dd7e000 JavaThread "Signal Dispatcher" daemon [_thread_blocked, id=8496, stack(0x00000065d5b00000,0x00000065d5c00000)]
  0x000001c72dd4e800 JavaThread "Finalizer" daemon [_thread_blocked, id=9704, stack(0x00000065d5a00000,0x00000065d5b00000)]
  0x000001c72d61e000 JavaThread "Reference Handler" daemon [_thread_blocked, id=7728, stack(0x00000065d5900000,0x00000065d5a00000)]
  0x000001c7189d3000 JavaThread "main" [_thread_in_native, id=8420, stack(0x00000065d5300000,0x00000065d5400000)]

Other Threads:
  0x000001c72dd25000 VMThread [stack: 0x00000065d5800000,0x00000065d5900000] [id=8332]
  0x000001c72e962800 WatcherThread [stack: 0x00000065d6200000,0x00000065d6300000] [id=6848]

VM state:not at safepoint (normal execution)

VM Mutex/Monitor currently owned by a thread: None

heap address: 0x00000000a2400000, size: 1500 MB, Compressed Oops mode: 32-bit
Narrow klass base: 0x0000000000000000, Narrow klass shift: 3
Compressed class space size: 1073741824 Address: 0x0000000100000000

Heap:
 PSYoungGen      total 108032K, used 15687K [0x00000000e0c00000, 0x00000000eb780000, 0x0000000100000000)
  eden space 98304K, 6% used [0x00000000e0c00000,0x00000000e11d8870,0x00000000e6c00000)
  from space 9728K, 99% used [0x00000000e6c00000,0x00000000e7579508,0x00000000e7580000)
  to   space 12288K, 0% used [0x00000000eab80000,0x00000000eab80000,0x00000000eb780000)
 ParOldGen       total 55296K, used 17031K [0x00000000a2400000, 0x00000000a5a00000, 0x00000000e0c00000)
  object space 55296K, 30% used [0x00000000a2400000,0x00000000a34a1eb8,0x00000000a5a00000)
 Metaspace       used 30807K, capacity 32176K, committed 32384K, reserved 1077248K
  class space    used 3714K, capacity 4213K, committed 4224K, reserved 1048576K

Card table byte_map: [0x000001c729640000,0x000001c729930000] byte_map_base: 0x000001c72912e000

Marking Bits: (ParMarkBitMap*) 0x000000005b261820
 Begin Bits: [0x000001c729b30000, 0x000001c72b2a0000)
 End Bits:   [0x000001c72b2a0000, 0x000001c72ca10000)

Polling page: 0x000001c71a250000

CodeCache: size=245760Kb used=12452Kb max_used=12452Kb free=233307Kb
 bounds [0x000001c71a280000, 0x000001c71aec0000, 0x000001c729280000]
 total_blobs=3885 nmethods=3161 adapters=635
 compilation: enabled

Compilation events (10 events):
Event: 11.306 Thread 0x000001c72de2d800 3207       3       com.fasterxml.jackson.databind.JavaType::getReferencedType (5 bytes)
Event: 11.306 Thread 0x000001c72de2d800 nmethod 3207 0x000001c71aeb0150 code [0x000001c71aeb02c0, 0x000001c71aeb04d0]
Event: 11.306 Thread 0x000001c72de2d800 3208       3       com.fasterxml.jackson.databind.JavaType::isAbstract (11 bytes)
Event: 11.306 Thread 0x000001c72de2d800 nmethod 3208 0x000001c71aeb0550 code [0x000001c71aeb06c0, 0x000001c71aeb0990]
Event: 11.306 Thread 0x000001c72de2d800 3209       3       java.util.regex.Pattern$GroupTail::match (111 bytes)
Event: 11.307 Thread 0x000001c72de2d800 nmethod 3209 0x000001c71aeb0a90 code [0x000001c71aeb0c20, 0x000001c71aeb0ff0]
Event: 11.326 Thread 0x000001c72de2d800 3210       3       java.util.Formatter$Conversion::isGeneral (64 bytes)
Event: 11.327 Thread 0x000001c72de2d800 nmethod 3210 0x000001c71aeb12d0 code [0x000001c71aeb1420, 0x000001c71aeb1598]
Event: 11.327 Thread 0x000001c72de2d800 3211       1       java.util.Formatter$FormatSpecifier::index (5 bytes)
Event: 11.327 Thread 0x000001c72de2d800 nmethod 3211 0x000001c71aeb1610 code [0x000001c71aeb1760, 0x000001c71aeb1878]

GC Heap History (10 events):
Event: 3.870 GC heap before
{Heap before GC invocations=4 (full 0):
 PSYoungGen      total 28160K, used 28128K [0x00000000e0c00000, 0x00000000e4300000, 0x0000000100000000)
  eden space 24576K, 100% used [0x00000000e0c00000,0x00000000e2400000,0x00000000e2400000)
  from space 3584K, 99% used [0x00000000e2400000,0x00000000e2778020,0x00000000e2780000)
  to   space 3584K, 0% used [0x00000000e3f80000,0x00000000e3f80000,0x00000000e4300000)
 ParOldGen       total 64512K, used 6606K [0x00000000a2400000, 0x00000000a6300000, 0x00000000e0c00000)
  object space 64512K, 10% used [0x00000000a2400000,0x00000000a2a739f0,0x00000000a6300000)
 Metaspace       used 16804K, capacity 17468K, committed 17536K, reserved 1064960K
  class space    used 1897K, capacity 2175K, committed 2176K, reserved 1048576K
Event: 3.888 GC heap after
Heap after GC invocations=4 (full 0):
 PSYoungGen      total 52736K, used 3568K [0x00000000e0c00000, 0x00000000e4300000, 0x0000000100000000)
  eden space 49152K, 0% used [0x00000000e0c00000,0x00000000e0c00000,0x00000000e3c00000)
  from space 3584K, 99% used [0x00000000e3f80000,0x00000000e42fc010,0x00000000e4300000)
  to   space 3584K, 0% used [0x00000000e3c00000,0x00000000e3c00000,0x00000000e3f80000)
 ParOldGen       total 64512K, used 8006K [0x00000000a2400000, 0x00000000a6300000, 0x00000000e0c00000)
  object space 64512K, 12% used [0x00000000a2400000,0x00000000a2bd1b40,0x00000000a6300000)
 Metaspace       used 16804K, capacity 17468K, committed 17536K, reserved 1064960K
  class space    used 1897K, capacity 2175K, committed 2176K, reserved 1048576K
}
Event: 4.769 GC heap before
{Heap before GC invocations=5 (full 0):
 PSYoungGen      total 52736K, used 52720K [0x00000000e0c00000, 0x00000000e4300000, 0x0000000100000000)
  eden space 49152K, 100% used [0x00000000e0c00000,0x00000000e3c00000,0x00000000e3c00000)
  from space 3584K, 99% used [0x00000000e3f80000,0x00000000e42fc010,0x00000000e4300000)
  to   space 3584K, 0% used [0x00000000e3c00000,0x00000000e3c00000,0x00000000e3f80000)
 ParOldGen       total 64512K, used 8006K [0x00000000a2400000, 0x00000000a6300000, 0x00000000e0c00000)
  object space 64512K, 12% used [0x00000000a2400000,0x00000000a2bd1b40,0x00000000a6300000)
 Metaspace       used 19464K, capacity 20350K, committed 20608K, reserved 1067008K
  class space    used 2307K, capacity 2673K, committed 2688K, reserved 1048576K
Event: 4.797 GC heap after
Heap after GC invocations=5 (full 0):
 PSYoungGen      total 52736K, used 3552K [0x00000000e0c00000, 0x00000000e7f00000, 0x0000000100000000)
  eden space 49152K, 0% used [0x00000000e0c00000,0x00000000e0c00000,0x00000000e3c00000)
  from space 3584K, 99% used [0x00000000e3c00000,0x00000000e3f78040,0x00000000e3f80000)
  to   space 9728K, 0% used [0x00000000e7580000,0x00000000e7580000,0x00000000e7f00000)
 ParOldGen       total 64512K, used 12955K [0x00000000a2400000, 0x00000000a6300000, 0x00000000e0c00000)
  object space 64512K, 20% used [0x00000000a2400000,0x00000000a30a6fd0,0x00000000a6300000)
 Metaspace       used 19464K, capacity 20350K, committed 20608K, reserved 1067008K
  class space    used 2307K, capacity 2673K, committed 2688K, reserved 1048576K
}
Event: 5.154 GC heap before
{Heap before GC invocations=6 (full 0):
 PSYoungGen      total 52736K, used 11460K [0x00000000e0c00000, 0x00000000e7f00000, 0x0000000100000000)
  eden space 49152K, 16% used [0x00000000e0c00000,0x00000000e13b90e0,0x00000000e3c00000)
  from space 3584K, 99% used [0x00000000e3c00000,0x00000000e3f78040,0x00000000e3f80000)
  to   space 9728K, 0% used [0x00000000e7580000,0x00000000e7580000,0x00000000e7f00000)
 ParOldGen       total 64512K, used 12955K [0x00000000a2400000, 0x00000000a6300000, 0x00000000e0c00000)
  object space 64512K, 20% used [0x00000000a2400000,0x00000000a30a6fd0,0x00000000a6300000)
 Metaspace       used 20190K, capacity 21122K, committed 21296K, reserved 1067008K
  class space    used 2435K, capacity 2828K, committed 2944K, reserved 1048576K
Event: 5.164 GC heap after
Heap after GC invocations=6 (full 0):
 PSYoungGen      total 108032K, used 4507K [0x00000000e0c00000, 0x00000000e7f00000, 0x0000000100000000)
  eden space 98304K, 0% used [0x00000000e0c00000,0x00000000e0c00000,0x00000000e6c00000)
  from space 9728K, 46% used [0x00000000e7580000,0x00000000e79e6f18,0x00000000e7f00000)
  to   space 9728K, 0% used [0x00000000e6c00000,0x00000000e6c00000,0x00000000e7580000)
 ParOldGen       total 64512K, used 12955K [0x00000000a2400000, 0x00000000a6300000, 0x00000000e0c00000)
  object space 64512K, 20% used [0x00000000a2400000,0x00000000a30a6fd0,0x00000000a6300000)
 Metaspace       used 20190K, capacity 21122K, committed 21296K, reserved 1067008K
  class space    used 2435K, capacity 2828K, committed 2944K, reserved 1048576K
}
Event: 5.164 GC heap before
{Heap before GC invocations=7 (full 1):
 PSYoungGen      total 108032K, used 4507K [0x00000000e0c00000, 0x00000000e7f00000, 0x0000000100000000)
  eden space 98304K, 0% used [0x00000000e0c00000,0x00000000e0c00000,0x00000000e6c00000)
  from space 9728K, 46% used [0x00000000e7580000,0x00000000e79e6f18,0x00000000e7f00000)
  to   space 9728K, 0% used [0x00000000e6c00000,0x00000000e6c00000,0x00000000e7580000)
 ParOldGen       total 64512K, used 12955K [0x00000000a2400000, 0x00000000a6300000, 0x00000000e0c00000)
  object space 64512K, 20% used [0x00000000a2400000,0x00000000a30a6fd0,0x00000000a6300000)
 Metaspace       used 20190K, capacity 21122K, committed 21296K, reserved 1067008K
  class space    used 2435K, capacity 2828K, committed 2944K, reserved 1048576K
Event: 5.246 GC heap after
Heap after GC invocations=7 (full 1):
 PSYoungGen      total 108032K, used 0K [0x00000000e0c00000, 0x00000000e7f00000, 0x0000000100000000)
  eden space 98304K, 0% used [0x00000000e0c00000,0x00000000e0c00000,0x00000000e6c00000)
  from space 9728K, 0% used [0x00000000e7580000,0x00000000e7580000,0x00000000e7f00000)
  to   space 9728K, 0% used [0x00000000e6c00000,0x00000000e6c00000,0x00000000e7580000)
 ParOldGen       total 55296K, used 14706K [0x00000000a2400000, 0x00000000a5a00000, 0x00000000e0c00000)
  object space 55296K, 26% used [0x00000000a2400000,0x00000000a325c898,0x00000000a5a00000)
 Metaspace       used 20190K, capacity 21122K, committed 21296K, reserved 1067008K
  class space    used 2435K, capacity 2828K, committed 2944K, reserved 1048576K
}
Event: 10.576 GC heap before
{Heap before GC invocations=8 (full 1):
 PSYoungGen      total 108032K, used 98304K [0x00000000e0c00000, 0x00000000e7f00000, 0x0000000100000000)
  eden space 98304K, 100% used [0x00000000e0c00000,0x00000000e6c00000,0x00000000e6c00000)
  from space 9728K, 0% used [0x00000000e7580000,0x00000000e7580000,0x00000000e7f00000)
  to   space 9728K, 0% used [0x00000000e6c00000,0x00000000e6c00000,0x00000000e7580000)
 ParOldGen       total 55296K, used 14706K [0x00000000a2400000, 0x00000000a5a00000, 0x00000000e0c00000)
  object space 55296K, 26% used [0x00000000a2400000,0x00000000a325c898,0x00000000a5a00000)
 Metaspace       used 30711K, capacity 32100K, committed 32128K, reserved 1077248K
  class space    used 3711K, capacity 4210K, committed 4224K, reserved 1048576K
Event: 10.594 GC heap after
Heap after GC invocations=8 (full 1):
 PSYoungGen      total 108032K, used 9701K [0x00000000e0c00000, 0x00000000eb780000, 0x0000000100000000)
  eden space 98304K, 0% used [0x00000000e0c00000,0x00000000e0c00000,0x00000000e6c00000)
  from space 9728K, 99% used [0x00000000e6c00000,0x00000000e7579508,0x00000000e7580000)
  to   space 12288K, 0% used [0x00000000eab80000,0x00000000eab80000,0x00000000eb780000)
 ParOldGen       total 55296K, used 17031K [0x00000000a2400000, 0x00000000a5a00000, 0x00000000e0c00000)
  object space 55296K, 30% used [0x00000000a2400000,0x00000000a34a1eb8,0x00000000a5a00000)
 Metaspace       used 30711K, capacity 32100K, committed 32128K, reserved 1077248K
  class space    used 3711K, capacity 4210K, committed 4224K, reserved 1048576K
}

Deoptimization events (10 events):
Event: 7.178 Thread 0x000001c7189d3000 Uncommon trap: reason=unstable_if action=reinterpret pc=0x000001c71abc86c0 method=sun.reflect.misc.ReflectUtil.isNonPublicProxyClass(Ljava/lang/Class;)Z @ 14
Event: 7.178 Thread 0x000001c7189d3000 Uncommon trap: reason=unstable_if action=reinterpret pc=0x000001c71ab661c8 method=sun.misc.Launcher$AppClassLoader.loadClass(Ljava/lang/String;Z)Ljava/lang/Class; @ 9
Event: 7.225 Thread 0x000001c7189d3000 Uncommon trap: reason=class_check action=maybe_recompile pc=0x000001c71aa23fdc method=java.util.regex.Matcher.search(I)Z @ 86
Event: 7.240 Thread 0x000001c7189d3000 Uncommon trap: reason=unstable_if action=reinterpret pc=0x000001c71a8422d0 method=java.lang.ClassValue.match(Ljava/lang/ClassValue$Entry;)Z @ 12
Event: 7.240 Thread 0x000001c7189d3000 Uncommon trap: reason=unstable_if action=reinterpret pc=0x000001c71a888860 method=java.lang.ClassValue.match(Ljava/lang/ClassValue$Entry;)Z @ 12
Event: 7.240 Thread 0x000001c7189d3000 Uncommon trap: reason=unstable_if action=reinterpret pc=0x000001c71a8270b8 method=java.lang.ClassValue.match(Ljava/lang/ClassValue$Entry;)Z @ 12
Event: 7.241 Thread 0x000001c7189d3000 Uncommon trap: reason=unstable_if action=reinterpret pc=0x000001c71a86ec00 method=java.lang.ClassValue.match(Ljava/lang/ClassValue$Entry;)Z @ 12
Event: 8.395 Thread 0x000001c7189d3000 Uncommon trap: reason=predicate action=maybe_recompile pc=0x000001c71ac8da5c method=java.util.regex.Pattern$Slice.match(Ljava/util/regex/Matcher;ILjava/lang/CharSequence;)Z @ 21
Event: 9.024 Thread 0x000001c7189d3000 Uncommon trap: reason=class_check action=maybe_recompile pc=0x000001c71aa23fdc method=java.util.regex.Matcher.search(I)Z @ 86
Event: 10.112 Thread 0x000001c7189d3000 Uncommon trap: reason=class_check action=maybe_recompile pc=0x000001c71aa23fdc method=java.util.regex.Matcher.search(I)Z @ 86

Classes redefined (0 events):
No events

Internal exceptions (10 events):
Event: 7.917 Thread 0x000001c7189d3000 Exception <a 'java/lang/ClassCastException'> (0x00000000e6158210) thrown at [C:\wsjdk\Corretto8Src\installers\windows\zip\corretto-build\buildRoot\src\hotspot\src\share\vm\runtime\sharedRuntime.cpp, line 609]
Event: 9.036 Thread 0x000001c7189d3000 Exception <a 'java/lang/ClassNotFoundException': Script1BeanInfo> (0x00000000e64bd208) thrown at [C:\wsjdk\Corretto8Src\installers\windows\zip\corretto-build\buildRoot\src\hotspot\src\share\vm\classfile\systemDictionary.cpp, line 217]
Event: 9.037 Thread 0x000001c7189d3000 Exception <a 'java/lang/ClassNotFoundException': Script1Customizer> (0x00000000e64c6c80) thrown at [C:\wsjdk\Corretto8Src\installers\windows\zip\corretto-build\buildRoot\src\hotspot\src\share\vm\classfile\systemDictionary.cpp, line 217]
Event: 9.074 Thread 0x000001c7189d3000 Exception <a 'java/lang/ClassCastException'> (0x00000000e65b16d0) thrown at [C:\wsjdk\Corretto8Src\installers\windows\zip\corretto-build\buildRoot\src\hotspot\src\share\vm\runtime\sharedRuntime.cpp, line 609]
Event: 10.126 Thread 0x000001c7189d3000 Exception <a 'java/lang/ClassNotFoundException': Script1BeanInfo> (0x00000000e6902520) thrown at [C:\wsjdk\Corretto8Src\installers\windows\zip\corretto-build\buildRoot\src\hotspot\src\share\vm\classfile\systemDictionary.cpp, line 217]
Event: 10.127 Thread 0x000001c7189d3000 Exception <a 'java/lang/ClassNotFoundException': Script1Customizer> (0x00000000e690bf98) thrown at [C:\wsjdk\Corretto8Src\installers\windows\zip\corretto-build\buildRoot\src\hotspot\src\share\vm\classfile\systemDictionary.cpp, line 217]
Event: 10.170 Thread 0x000001c7189d3000 Exception <a 'java/lang/ClassCastException'> (0x00000000e6a01b20) thrown at [C:\wsjdk\Corretto8Src\installers\windows\zip\corretto-build\buildRoot\src\hotspot\src\share\vm\runtime\sharedRuntime.cpp, line 609]
Event: 11.243 Thread 0x000001c7189d3000 Exception <a 'java/lang/ClassNotFoundException': Script1BeanInfo> (0x00000000e0d7a8c8) thrown at [C:\wsjdk\Corretto8Src\installers\windows\zip\corretto-build\buildRoot\src\hotspot\src\share\vm\classfile\systemDictionary.cpp, line 217]
Event: 11.243 Thread 0x000001c7189d3000 Exception <a 'java/lang/ClassNotFoundException': Script1Customizer> (0x00000000e0d84340) thrown at [C:\wsjdk\Corretto8Src\installers\windows\zip\corretto-build\buildRoot\src\hotspot\src\share\vm\classfile\systemDictionary.cpp, line 217]
Event: 11.306 Thread 0x000001c7189d3000 Exception <a 'java/lang/ClassCastException'> (0x00000000e1074f28) thrown at [C:\wsjdk\Corretto8Src\installers\windows\zip\corretto-build\buildRoot\src\hotspot\src\share\vm\runtime\sharedRuntime.cpp, line 609]

Events (10 events):
Event: 11.242 loading class Script1BeanInfo
Event: 11.242 loading class Script1BeanInfo done
Event: 11.242 loading class Script1BeanInfo
Event: 11.242 loading class Script1BeanInfo done
Event: 11.243 loading class Script1Customizer
Event: 11.243 loading class Script1Customizer done
Event: 11.243 loading class Script1Customizer
Event: 11.243 loading class Script1Customizer done
Event: 11.243 loading class Script1Customizer
Event: 11.243 loading class Script1Customizer done


Dynamic libraries:
0x00007ff684890000 - 0x00007ff6848ca000 	C:\Users\chem\.jdks\corretto-1.8.0_302\bin\java.exe
0x00007ffec77d0000 - 0x00007ffec79c5000 	C:\WINDOWS\SYSTEM32\ntdll.dll
0x00007ffec7360000 - 0x00007ffec741d000 	C:\WINDOWS\System32\KERNEL32.DLL
0x00007ffec4b60000 - 0x00007ffec4e29000 	C:\WINDOWS\System32\KERNELBASE.dll
0x00007ffec4ef0000 - 0x00007ffec4f9c000 	C:\WINDOWS\System32\ADVAPI32.dll
0x00007ffec6bf0000 - 0x00007ffec6c8e000 	C:\WINDOWS\System32\msvcrt.dll
0x00007ffec7420000 - 0x00007ffec74bb000 	C:\WINDOWS\System32\sechost.dll
0x00007ffec5ed0000 - 0x00007ffec5ffa000 	C:\WINDOWS\System32\RPCRT4.dll
0x00007ffec6000000 - 0x00007ffec61a0000 	C:\WINDOWS\System32\USER32.dll
0x00007ffec4520000 - 0x00007ffec4542000 	C:\WINDOWS\System32\win32u.dll
0x00007ffec5050000 - 0x00007ffec507a000 	C:\WINDOWS\System32\GDI32.dll
0x00007ffec4900000 - 0x00007ffec4a0b000 	C:\WINDOWS\System32\gdi32full.dll
0x00007ffec4a10000 - 0x00007ffec4aad000 	C:\WINDOWS\System32\msvcp_win.dll
0x00007ffec4600000 - 0x00007ffec4700000 	C:\WINDOWS\System32\ucrtbase.dll
0x00007ffeb18a0000 - 0x00007ffeb1b3a000 	C:\WINDOWS\WinSxS\amd64_microsoft.windows.common-controls_6595b64144ccf1df_6.0.19041.1110_none_60b5254171f9507e\COMCTL32.dll
0x00007ffec6b40000 - 0x00007ffec6b70000 	C:\WINDOWS\System32\IMM32.DLL
0x00007ffebafc0000 - 0x00007ffebb0af000 	C:\Users\chem\.jdks\corretto-1.8.0_302\jre\bin\msvcr120.dll
0x00007ffebaf10000 - 0x00007ffebafb6000 	C:\Users\chem\.jdks\corretto-1.8.0_302\jre\bin\msvcp120.dll
0x000000005aa70000 - 0x000000005b2e0000 	C:\Users\chem\.jdks\corretto-1.8.0_302\jre\bin\server\jvm.dll
0x00007ffec6b70000 - 0x00007ffec6b78000 	C:\WINDOWS\System32\PSAPI.DLL
0x00007ffeb45e0000 - 0x00007ffeb45e9000 	C:\WINDOWS\SYSTEM32\WSOCK32.dll
0x00007ffec7220000 - 0x00007ffec728b000 	C:\WINDOWS\System32\WS2_32.dll
0x00007ffeb28a0000 - 0x00007ffeb28c7000 	C:\WINDOWS\SYSTEM32\WINMM.dll
0x00007ffeb55a0000 - 0x00007ffeb55aa000 	C:\WINDOWS\SYSTEM32\VERSION.dll
0x00007ffebffb0000 - 0x00007ffebffbf000 	C:\Users\chem\.jdks\corretto-1.8.0_302\jre\bin\verify.dll
0x00007ffebd110000 - 0x00007ffebd139000 	C:\Users\chem\.jdks\corretto-1.8.0_302\jre\bin\java.dll
0x00007ffebad80000 - 0x00007ffebadaa000 	C:\Users\chem\.jdks\corretto-1.8.0_302\jre\bin\instrument.dll
0x00007ffebd0f0000 - 0x00007ffebd106000 	C:\Users\chem\.jdks\corretto-1.8.0_302\jre\bin\zip.dll
0x00007ffec6330000 - 0x00007ffec6a6f000 	C:\WINDOWS\System32\SHELL32.dll
0x00007ffec2640000 - 0x00007ffec2dd0000 	C:\WINDOWS\SYSTEM32\windows.storage.dll
0x00007ffec6ec0000 - 0x00007ffec7215000 	C:\WINDOWS\System32\combase.dll
0x00007ffec3eb0000 - 0x00007ffec3edc000 	C:\WINDOWS\SYSTEM32\Wldp.dll
0x00007ffec6280000 - 0x00007ffec632e000 	C:\WINDOWS\System32\SHCORE.dll
0x00007ffec6b90000 - 0x00007ffec6be5000 	C:\WINDOWS\System32\shlwapi.dll
0x00007ffec4460000 - 0x00007ffec447f000 	C:\WINDOWS\SYSTEM32\profapi.dll
0x00007ffebb5f0000 - 0x00007ffebb60a000 	C:\Program Files\JetBrains\IntelliJ IDEA Educational Edition 2021.1\bin\breakgen64.dll
0x00007ffebcd40000 - 0x00007ffebcd5a000 	C:\Users\chem\.jdks\corretto-1.8.0_302\jre\bin\net.dll
0x00007ffec3c10000 - 0x00007ffec3c7a000 	C:\WINDOWS\system32\mswsock.dll
0x00007ffec3e00000 - 0x00007ffec3e18000 	C:\WINDOWS\SYSTEM32\CRYPTSP.dll
0x00007ffec35a0000 - 0x00007ffec35d4000 	C:\WINDOWS\system32\rsaenh.dll
0x00007ffec4e60000 - 0x00007ffec4e87000 	C:\WINDOWS\System32\bcrypt.dll
0x00007ffec43e0000 - 0x00007ffec440e000 	C:\WINDOWS\SYSTEM32\USERENV.dll
0x00007ffec4710000 - 0x00007ffec4793000 	C:\WINDOWS\System32\bcryptprimitives.dll
0x00007ffec3e20000 - 0x00007ffec3e2c000 	C:\WINDOWS\SYSTEM32\CRYPTBASE.dll
0x00007ffec3910000 - 0x00007ffec394b000 	C:\WINDOWS\SYSTEM32\IPHLPAPI.DLL
0x00007ffec6ad0000 - 0x00007ffec6ad8000 	C:\WINDOWS\System32\NSI.dll
0x00007ffebcf60000 - 0x00007ffebcf77000 	C:\WINDOWS\SYSTEM32\dhcpcsvc6.DLL
0x00007ffebde90000 - 0x00007ffebdead000 	C:\WINDOWS\SYSTEM32\dhcpcsvc.DLL
0x00007ffec3950000 - 0x00007ffec3a1c000 	C:\WINDOWS\SYSTEM32\DNSAPI.dll
0x00007ffebc0e0000 - 0x00007ffebc0f2000 	C:\Users\chem\.jdks\corretto-1.8.0_302\jre\bin\nio.dll
0x00007ffea5b30000 - 0x00007ffea5b53000 	C:\Users\chem\.jdks\corretto-1.8.0_302\jre\bin\sunec.dll
0x00007ffeb9700000 - 0x00007ffeb970a000 	C:\Windows\System32\rasadhlp.dll
0x00007ffebaae0000 - 0x00007ffebab5f000 	C:\WINDOWS\System32\fwpuclnt.dll
0x00007ffebd710000 - 0x00007ffebd71c000 	C:\Users\chem\.jdks\corretto-1.8.0_302\jre\bin\sunmscapi.dll
0x00007ffec47a0000 - 0x00007ffec48ff000 	C:\WINDOWS\System32\CRYPT32.dll
0x00007ffec3f20000 - 0x00007ffec3f47000 	C:\WINDOWS\SYSTEM32\ncrypt.dll
0x00007ffec3ee0000 - 0x00007ffec3f1b000 	C:\WINDOWS\SYSTEM32\NTASN1.dll

VM Arguments:
jvm_args: -ea -Didea.test.cyclic.buffer.size=1048576 -javaagent:C:\Program Files\JetBrains\IntelliJ IDEA Educational Edition 2021.1\lib\idea_rt.jar=59945:C:\Program Files\JetBrains\IntelliJ IDEA Educational Edition 2021.1\bin -Dfile.encoding=UTF-8 
java_command: com.intellij.rt.testng.RemoteTestNGStarter -usedefaultlisteners false -socket59944 @w@C:\Users\chem\AppData\Local\Temp\idea_working_dirs_testng.tmp -temp C:\Users\chem\AppData\Local\Temp\idea_testng1.tmp
java_class_path (initial): C:\Program Files\JetBrains\IntelliJ IDEA Educational Edition 2021.1\lib\idea_rt.jar;C:\Program Files\JetBrains\IntelliJ IDEA Educational Edition 2021.1\plugins\testng\lib\testng-rt.jar;C:\Users\chem\.jdks\corretto-1.8.0_302\jre\lib\charsets.jar;C:\Users\chem\.jdks\corretto-1.8.0_302\jre\lib\ext\access-bridge-64.jar;C:\Users\chem\.jdks\corretto-1.8.0_302\jre\lib\ext\cldrdata.jar;C:\Users\chem\.jdks\corretto-1.8.0_302\jre\lib\ext\dnsns.jar;C:\Users\chem\.jdks\corretto-1.8.0_302\jre\lib\ext\jaccess.jar;C:\Users\chem\.jdks\corretto-1.8.0_302\jre\lib\ext\jfxrt.jar;C:\Users\chem\.jdks\corretto-1.8.0_302\jre\lib\ext\localedata.jar;C:\Users\chem\.jdks\corretto-1.8.0_302\jre\lib\ext\nashorn.jar;C:\Users\chem\.jdks\corretto-1.8.0_302\jre\lib\ext\sunec.jar;C:\Users\chem\.jdks\corretto-1.8.0_302\jre\lib\ext\sunjce_provider.jar;C:\Users\chem\.jdks\corretto-1.8.0_302\jre\lib\ext\sunmscapi.jar;C:\Users\chem\.jdks\corretto-1.8.0_302\jre\lib\ext\sunpkcs11.jar;C:\Users\chem\.jdks\corretto-1.8.0_302\jre\lib\ext\zipfs.jar;C:\Users\chem\.jdks\corretto-1.8.0_302\jre\lib\jce.jar;C:\Users\chem\.jdks\corretto-1.8.0_302\jre\lib\jfr.jar;C:\Users\chem\.jdks\corretto-1.8.0_302\jre\lib\jfxswt.jar;C:\Users\chem\.jdks\corretto-1.8.0_302\jre\lib\jsse.jar;C:\Users\chem\.jdks\corretto-1.8.0_302\jre\lib\management-agent.jar;C:\Users\chem\.jdks\corretto-1.8.0_302\jre\lib\resources.jar;C:\Users\chem\.jdks\corretto-1.8.0_302\jre\lib\rt.jar;D:\RestAssured\target\test-classes;C:\Users\chem\.m2\repository\io\rest-assured\rest-assured\4.2.0\rest-assured-4.2.0.jar;C:\Users\chem\.m2\repository\org\codehaus\groovy\groovy\2.5.8\groovy-2.5.8.jar;C:\Users\chem\.m2\repository\org\codehaus\groovy\groovy-xml\2.5.8\groovy-xml-2.5.8.jar;C:\Users\chem\.m2\repository\org\apache\httpcomponents\httpclient\4.5.3\httpclient-4.5.3.jar;C:\Users\chem\.m2\repository\org\apache\httpcomponents\httpcore\4.4.6\httpcore-4.4.6.jar;C:\Users\chem\.m2\repository\commons-logging\commons-logging\1.2\commons-log
Launcher Type: SUN_STANDARD

Environment Variables:
PATH=C:\Program Files (x86)\Common Files\Oracle\Java\javapath;C:\Program Files\Common Files\Oracle\Java\javapath;C:\Program Files (x86)\Common Files\Intel\Shared Files\cpp\bin\Intel64;C:\Program Files\Common Files\Microsoft Shared\Windows Live;C:\Program Files (x86)\Common Files\Microsoft Shared\Windows Live;C:\Program Files\Broadcom\Broadcom 802.11 Network Adapter\Driver;C:\Program Files (x86)\NVIDIA Corporation\PhysX\Common;C:\WINDOWS\system32;C:\WINDOWS;C:\WINDOWS\System32\Wbem;C:\WINDOWS\System32\WindowsPowerShell\v1.0\;C:\Program Files\Intel\WiFi\bin\;C:\Program Files\Common Files\Intel\WirelessCommon\;C:\Program Files (x86)\Windows Live\Shared;C:\Program Files\Calibre2\;C:\WINDOWS\System32\OpenSSH\;C:\Program Files\Git\cmd;C:\Program Files\Intel\WiFi\bin\;C:\Program Files\Common Files\Intel\WirelessCommon\;C:\Users\chem\AppData\Local\Microsoft\WindowsApps;C:\Users\chem\AppData\Local\GitHubDesktop\bin
USERNAME=chem
OS=Windows_NT
PROCESSOR_IDENTIFIER=Intel64 Family 6 Model 42 Stepping 7, GenuineIntel



---------------  S Y S T E M  ---------------

OS: Windows 10.0 , 64 bit Build 19041 (10.0.19041.1151)

CPU:total 4 (initial active 4) (2 cores per cpu, 2 threads per core) family 6 model 42 stepping 7, cmov, cx8, fxsr, mmx, sse, sse2, sse3, ssse3, sse4.1, sse4.2, popcnt, avx, aes, clmul, ht, tsc, tscinvbit

Memory: 4k page, physical 6139756k(986184k free), swap 7824236k(5196k free)

vm_info: OpenJDK 64-Bit Server VM (25.302-b08) for windows-amd64 JRE (1.8.0_302-b08), built on Jul 15 2021 19:37:21 by "Administrator" with MS VC++ 12.0 (VS2013)

time: Fri Sep 10 20:46:08 2021
timezone: Turkey Standard Time
elapsed time: 11.371807 seconds (0d 0h 0m 11s)

