#
# There is insufficient memory for the Java Runtime Environment to continue.
# Native memory allocation (malloc) failed to allocate 32784 bytes for Chunk::new
# Possible reasons:
#   The system is out of physical RAM or swap space
#   The process is running with CompressedOops enabled, and the Java Heap may be blocking the growth of the native heap
# Possible solutions:
#   Reduce memory load on the system
#   Increase physical memory or swap space
#   Check if swap backing store is full
#   Decrease Java heap size (-Xmx/-Xms)
#   Decrease number of Java threads
#   Decrease Java thread stack sizes (-Xss)
#   Set larger code cache with -XX:ReservedCodeCacheSize=
#   JVM is running with Unscaled Compressed Oops mode in which the Java heap is
#     placed in the first 4GB address space. The Java Heap base address is the
#     maximum limit for the native heap growth. Please use -XX:HeapBaseMinAddress
#     to set the Java Heap base and to place the Java Heap above 4GB virtual address.
# This output file may be truncated or incomplete.
#
#  Out of Memory Error (allocation.cpp:389), pid=12816, tid=0x0000000000001990
#
# JRE version: OpenJDK Runtime Environment (8.0_302-b08) (build 1.8.0_302-b08)
# Java VM: OpenJDK 64-Bit Server VM (25.302-b08 mixed mode windows-amd64 compressed oops)
# Failed to write core dump. Minidumps are not enabled by default on client versions of Windows
#

---------------  T H R E A D  ---------------

Current thread (0x0000024dd947e000):  JavaThread "C2 CompilerThread1" daemon [_thread_in_native, id=6544, stack(0x000000c14e700000,0x000000c14e800000)]

Stack: [0x000000c14e700000,0x000000c14e800000]
[error occurred during error reporting (printing stack bounds), id 0xc0000005]

Native frames: (J=compiled Java code, j=interpreted, Vv=VM code, C=native code)


Current CompileTask:
C2:  19438 2349       4       com.sun.beans.TypeResolver::resolve (37 bytes)


---------------  P R O C E S S  ---------------

Java Threads: ( => current thread )
  0x0000024dd9499000 JavaThread "Service Thread" daemon [_thread_blocked, id=7736, stack(0x000000c14e900000,0x000000c14ea00000)]
  0x0000024dd947f800 JavaThread "C1 CompilerThread2" daemon [_thread_in_native, id=11336, stack(0x000000c14e800000,0x000000c14e900000)]
=>0x0000024dd947e000 JavaThread "C2 CompilerThread1" daemon [_thread_in_native, id=6544, stack(0x000000c14e700000,0x000000c14e800000)]
  0x0000024dd947d000 JavaThread "C2 CompilerThread0" daemon [_thread_blocked, id=13076, stack(0x000000c14e600000,0x000000c14e700000)]
  0x0000024dd9474800 JavaThread "Monitor Ctrl-Break" daemon [_thread_in_native, id=11816, stack(0x000000c14e500000,0x000000c14e600000)]
  0x0000024dd93e6000 JavaThread "Attach Listener" daemon [_thread_blocked, id=4436, stack(0x000000c14e400000,0x000000c14e500000)]
  0x0000024dd93ee800 JavaThread "Signal Dispatcher" daemon [_thread_blocked, id=8488, stack(0x000000c14e300000,0x000000c14e400000)]
  0x0000024dd93c5800 JavaThread "Finalizer" daemon [_thread_blocked, id=10700, stack(0x000000c14e200000,0x000000c14e300000)]
  0x0000024dc423d800 JavaThread "Reference Handler" daemon [_thread_blocked, id=9744, stack(0x000000c14e100000,0x000000c14e200000)]
  0x0000024dc3f93800 JavaThread "main" [_thread_in_vm, id=8348, stack(0x000000c14db00000,0x000000c14dc00000)]

Other Threads:
  0x0000024dd9395800 VMThread [stack: 0x000000c14e000000,0x000000c14e100000] [id=11100]
  0x0000024dd9499800 WatcherThread [stack: 0x000000c14ea00000,0x000000c14eb00000] [id=11516]

VM state:not at safepoint (normal execution)

VM Mutex/Monitor currently owned by a thread: None

heap address: 0x00000000a2400000, size: 1500 MB, Compressed Oops mode: 32-bit
Narrow klass base: 0x0000000000000000, Narrow klass shift: 3
Compressed class space size: 1073741824 Address: 0x0000000100000000

Heap:
 PSYoungGen      total 47616K, used 17508K [0x00000000e0c00000, 0x00000000e6880000, 0x0000000100000000)
  eden space 44032K, 31% used [0x00000000e0c00000,0x00000000e19993f8,0x00000000e3700000)
  from space 3584K, 100% used [0x00000000e3f80000,0x00000000e4300000,0x00000000e4300000)
  to   space 8704K, 0% used [0x00000000e3700000,0x00000000e3700000,0x00000000e3f80000)
 ParOldGen       total 50688K, used 14185K [0x00000000a2400000, 0x00000000a5580000, 0x00000000e0c00000)
  object space 50688K, 27% used [0x00000000a2400000,0x00000000a31da6e0,0x00000000a5580000)
 Metaspace       used 27424K, capacity 28538K, committed 28592K, reserved 1075200K
  class space    used 3347K, capacity 3744K, committed 3760K, reserved 1048576K

Card table byte_map: [0x0000024dd4dd0000,0x0000024dd50c0000] byte_map_base: 0x0000024dd48be000

Marking Bits: (ParMarkBitMap*) 0x000000005b261820
 Begin Bits: [0x0000024dd52c0000, 0x0000024dd6a30000)
 End Bits:   [0x0000024dd6a30000, 0x0000024dd81a0000)

Polling page: 0x0000024dc3f20000

CodeCache: size=245760Kb used=9893Kb max_used=9893Kb free=235866Kb
 bounds [0x0000024dc5a10000, 0x0000024dc63c0000, 0x0000024dd4a10000]
 total_blobs=3089 nmethods=2387 adapters=614
 compilation: enabled

Compilation events (10 events):
Event: 19.357 Thread 0x0000024dd947f800 nmethod 2408 0x0000024dc63b3750 code [0x0000024dc63b38a0, 0x0000024dc63b3a98]
Event: 19.379 Thread 0x0000024dd947f800 2409       3       org.codehaus.groovy.runtime.typehandling.DefaultTypeTransformation::compareEqual (308 bytes)
Event: 19.382 Thread 0x0000024dd947f800 nmethod 2409 0x0000024dc63bb290 code [0x0000024dc63bb680, 0x0000024dc63be320]
Event: 19.382 Thread 0x0000024dd947f800 2410       3       io.restassured.internal.RequestSpecificationImpl::getMetaClass (23 bytes)
Event: 19.382 Thread 0x0000024dd947f800 nmethod 2410 0x0000024dc63b2e10 code [0x0000024dc63b2f80, 0x0000024dc63b3190]
Event: 19.382 Thread 0x0000024dd947f800 2411       3       io.restassured.internal.RequestSpecificationImpl::$getCallSiteArray (40 bytes)
Event: 19.384 Thread 0x0000024dd947f800 nmethod 2411 0x0000024dc63b49d0 code [0x0000024dc63b4ba0, 0x0000024dc63b5420]
Event: 19.384 Thread 0x0000024dd947f800 2412       3       org.codehaus.groovy.runtime.ScriptBytecodeAdapter::compareEqual (99 bytes)
Event: 19.384 Thread 0x0000024dd947f800 nmethod 2412 0x0000024dc63bec90 code [0x0000024dc63bee60, 0x0000024dc63bf620]
Event: 19.421 Thread 0x0000024dd947f800 2413   !   3       java.util.concurrent.ConcurrentHashMap::putVal (362 bytes)

GC Heap History (10 events):
Event: 8.455 GC heap before
{Heap before GC invocations=3 (full 0):
 PSYoungGen      total 28160K, used 28147K [0x00000000e0c00000, 0x00000000e2b00000, 0x0000000100000000)
  eden space 24576K, 100% used [0x00000000e0c00000,0x00000000e2400000,0x00000000e2400000)
  from space 3584K, 99% used [0x00000000e2780000,0x00000000e2afccd8,0x00000000e2b00000)
  to   space 3584K, 0% used [0x00000000e2400000,0x00000000e2400000,0x00000000e2780000)
 ParOldGen       total 64512K, used 3540K [0x00000000a2400000, 0x00000000a6300000, 0x00000000e0c00000)
  object space 64512K, 5% used [0x00000000a2400000,0x00000000a27752c0,0x00000000a6300000)
 Metaspace       used 16197K, capacity 16634K, committed 16896K, reserved 1064960K
  class space    used 1810K, capacity 1950K, committed 2048K, reserved 1048576K
Event: 8.475 GC heap after
Heap after GC invocations=3 (full 0):
 PSYoungGen      total 28160K, used 3552K [0x00000000e0c00000, 0x00000000e4300000, 0x0000000100000000)
  eden space 24576K, 0% used [0x00000000e0c00000,0x00000000e0c00000,0x00000000e2400000)
  from space 3584K, 99% used [0x00000000e2400000,0x00000000e2778020,0x00000000e2780000)
  to   space 3584K, 0% used [0x00000000e3f80000,0x00000000e3f80000,0x00000000e4300000)
 ParOldGen       total 64512K, used 6990K [0x00000000a2400000, 0x00000000a6300000, 0x00000000e0c00000)
  object space 64512K, 10% used [0x00000000a2400000,0x00000000a2ad3be8,0x00000000a6300000)
 Metaspace       used 16197K, capacity 16634K, committed 16896K, reserved 1064960K
  class space    used 1810K, capacity 1950K, committed 2048K, reserved 1048576K
}
Event: 9.158 GC heap before
{Heap before GC invocations=4 (full 0):
 PSYoungGen      total 28160K, used 28096K [0x00000000e0c00000, 0x00000000e4300000, 0x0000000100000000)
  eden space 24576K, 99% used [0x00000000e0c00000,0x00000000e23f8038,0x00000000e2400000)
  from space 3584K, 99% used [0x00000000e2400000,0x00000000e2778020,0x00000000e2780000)
  to   space 3584K, 0% used [0x00000000e3f80000,0x00000000e3f80000,0x00000000e4300000)
 ParOldGen       total 64512K, used 6990K [0x00000000a2400000, 0x00000000a6300000, 0x00000000e0c00000)
  object space 64512K, 10% used [0x00000000a2400000,0x00000000a2ad3be8,0x00000000a6300000)
 Metaspace       used 19325K, capacity 19836K, committed 19968K, reserved 1067008K
  class space    used 2146K, capacity 2296K, committed 2304K, reserved 1048576K
Event: 9.169 GC heap after
Heap after GC invocations=4 (full 0):
 PSYoungGen      total 52736K, used 3568K [0x00000000e0c00000, 0x00000000e4300000, 0x0000000100000000)
  eden space 49152K, 0% used [0x00000000e0c00000,0x00000000e0c00000,0x00000000e3c00000)
  from space 3584K, 99% used [0x00000000e3f80000,0x00000000e42fc030,0x00000000e4300000)
  to   space 3584K, 0% used [0x00000000e3c00000,0x00000000e3c00000,0x00000000e3f80000)
 ParOldGen       total 64512K, used 10714K [0x00000000a2400000, 0x00000000a6300000, 0x00000000e0c00000)
  object space 64512K, 16% used [0x00000000a2400000,0x00000000a2e769d8,0x00000000a6300000)
 Metaspace       used 19325K, capacity 19836K, committed 19968K, reserved 1067008K
  class space    used 2146K, capacity 2296K, committed 2304K, reserved 1048576K
}
Event: 9.791 GC heap before
{Heap before GC invocations=5 (full 0):
 PSYoungGen      total 52736K, used 46952K [0x00000000e0c00000, 0x00000000e4300000, 0x0000000100000000)
  eden space 49152K, 88% used [0x00000000e0c00000,0x00000000e365e228,0x00000000e3c00000)
  from space 3584K, 99% used [0x00000000e3f80000,0x00000000e42fc030,0x00000000e4300000)
  to   space 3584K, 0% used [0x00000000e3c00000,0x00000000e3c00000,0x00000000e3f80000)
 ParOldGen       total 64512K, used 10714K [0x00000000a2400000, 0x00000000a6300000, 0x00000000e0c00000)
  object space 64512K, 16% used [0x00000000a2400000,0x00000000a2e769d8,0x00000000a6300000)
 Metaspace       used 20453K, capacity 21190K, committed 21296K, reserved 1069056K
  class space    used 2327K, capacity 2585K, committed 2608K, reserved 1048576K
Event: 9.807 GC heap after
Heap after GC invocations=5 (full 0):
 PSYoungGen      total 52736K, used 3552K [0x00000000e0c00000, 0x00000000e4300000, 0x0000000100000000)
  eden space 49152K, 0% used [0x00000000e0c00000,0x00000000e0c00000,0x00000000e3c00000)
  from space 3584K, 99% used [0x00000000e3c00000,0x00000000e3f78020,0x00000000e3f80000)
  to   space 3584K, 0% used [0x00000000e3f80000,0x00000000e3f80000,0x00000000e4300000)
 ParOldGen       total 64512K, used 13748K [0x00000000a2400000, 0x00000000a6300000, 0x00000000e0c00000)
  object space 64512K, 21% used [0x00000000a2400000,0x00000000a316d358,0x00000000a6300000)
 Metaspace       used 20453K, capacity 21190K, committed 21296K, reserved 1069056K
  class space    used 2327K, capacity 2585K, committed 2608K, reserved 1048576K
}
Event: 9.807 GC heap before
{Heap before GC invocations=6 (full 1):
 PSYoungGen      total 52736K, used 3552K [0x00000000e0c00000, 0x00000000e4300000, 0x0000000100000000)
  eden space 49152K, 0% used [0x00000000e0c00000,0x00000000e0c00000,0x00000000e3c00000)
  from space 3584K, 99% used [0x00000000e3c00000,0x00000000e3f78020,0x00000000e3f80000)
  to   space 3584K, 0% used [0x00000000e3f80000,0x00000000e3f80000,0x00000000e4300000)
 ParOldGen       total 64512K, used 13748K [0x00000000a2400000, 0x00000000a6300000, 0x00000000e0c00000)
  object space 64512K, 21% used [0x00000000a2400000,0x00000000a316d358,0x00000000a6300000)
 Metaspace       used 20453K, capacity 21190K, committed 21296K, reserved 1069056K
  class space    used 2327K, capacity 2585K, committed 2608K, reserved 1048576K
Event: 9.894 GC heap after
Heap after GC invocations=6 (full 1):
 PSYoungGen      total 52736K, used 0K [0x00000000e0c00000, 0x00000000e4300000, 0x0000000100000000)
  eden space 49152K, 0% used [0x00000000e0c00000,0x00000000e0c00000,0x00000000e3c00000)
  from space 3584K, 0% used [0x00000000e3c00000,0x00000000e3c00000,0x00000000e3f80000)
  to   space 3584K, 0% used [0x00000000e3f80000,0x00000000e3f80000,0x00000000e4300000)
 ParOldGen       total 50688K, used 11325K [0x00000000a2400000, 0x00000000a5580000, 0x00000000e0c00000)
  object space 50688K, 22% used [0x00000000a2400000,0x00000000a2f0f450,0x00000000a5580000)
 Metaspace       used 20453K, capacity 21190K, committed 21296K, reserved 1069056K
  class space    used 2327K, capacity 2585K, committed 2608K, reserved 1048576K
}
Event: 18.766 GC heap before
{Heap before GC invocations=7 (full 1):
 PSYoungGen      total 52736K, used 49152K [0x00000000e0c00000, 0x00000000e4300000, 0x0000000100000000)
  eden space 49152K, 100% used [0x00000000e0c00000,0x00000000e3c00000,0x00000000e3c00000)
  from space 3584K, 0% used [0x00000000e3c00000,0x00000000e3c00000,0x00000000e3f80000)
  to   space 3584K, 0% used [0x00000000e3f80000,0x00000000e3f80000,0x00000000e4300000)
 ParOldGen       total 50688K, used 11325K [0x00000000a2400000, 0x00000000a5580000, 0x00000000e0c00000)
  object space 50688K, 22% used [0x00000000a2400000,0x00000000a2f0f450,0x00000000a5580000)
 Metaspace       used 26431K, capacity 27354K, committed 27696K, reserved 1073152K
  class space    used 3182K, capacity 3516K, committed 3632K, reserved 1048576K
Event: 18.775 GC heap after
Heap after GC invocations=7 (full 1):
 PSYoungGen      total 47616K, used 3584K [0x00000000e0c00000, 0x00000000e6880000, 0x0000000100000000)
  eden space 44032K, 0% used [0x00000000e0c00000,0x00000000e0c00000,0x00000000e3700000)
  from space 3584K, 100% used [0x00000000e3f80000,0x00000000e4300000,0x00000000e4300000)
  to   space 8704K, 0% used [0x00000000e3700000,0x00000000e3700000,0x00000000e3f80000)
 ParOldGen       total 50688K, used 14185K [0x00000000a2400000, 0x00000000a5580000, 0x00000000e0c00000)
  object space 50688K, 27% used [0x00000000a2400000,0x00000000a31da6e0,0x00000000a5580000)
 Metaspace       used 26431K, capacity 27354K, committed 27696K, reserved 1073152K
  class space    used 3182K, capacity 3516K, committed 3632K, reserved 1048576K
}

Deoptimization events (10 events):
Event: 18.435 Thread 0x0000024dc3f93800 Uncommon trap: reason=class_check action=maybe_recompile pc=0x0000024dc6360ea8 method=sun.security.util.math.intpoly.IntegerPolynomial$MutableElement.setSum(Lsun/security/util/math/IntegerModuloP;)Lsun/security/util/math/intpoly/IntegerPolynomial$MutableE
Event: 18.435 Thread 0x0000024dc3f93800 Uncommon trap: reason=class_check action=maybe_recompile pc=0x0000024dc6360ea8 method=sun.security.util.math.intpoly.IntegerPolynomial$MutableElement.setSum(Lsun/security/util/math/IntegerModuloP;)Lsun/security/util/math/intpoly/IntegerPolynomial$MutableE
Event: 18.435 Thread 0x0000024dc3f93800 Uncommon trap: reason=class_check action=maybe_recompile pc=0x0000024dc6360ea8 method=sun.security.util.math.intpoly.IntegerPolynomial$MutableElement.setSum(Lsun/security/util/math/IntegerModuloP;)Lsun/security/util/math/intpoly/IntegerPolynomial$MutableE
Event: 18.435 Thread 0x0000024dc3f93800 Uncommon trap: reason=class_check action=maybe_recompile pc=0x0000024dc6360ea8 method=sun.security.util.math.intpoly.IntegerPolynomial$MutableElement.setSum(Lsun/security/util/math/IntegerModuloP;)Lsun/security/util/math/intpoly/IntegerPolynomial$MutableE
Event: 18.723 Thread 0x0000024dc3f93800 Uncommon trap: reason=bimorphic action=maybe_recompile pc=0x0000024dc6351bbc method=java.util.regex.Pattern$Branch.match(Ljava/util/regex/Matcher;ILjava/lang/CharSequence;)Z @ 32
Event: 18.738 Thread 0x0000024dc3f93800 Uncommon trap: reason=bimorphic action=maybe_recompile pc=0x0000024dc6351bbc method=java.util.regex.Pattern$Branch.match(Ljava/util/regex/Matcher;ILjava/lang/CharSequence;)Z @ 32
Event: 18.738 Thread 0x0000024dc3f93800 Uncommon trap: reason=bimorphic action=maybe_recompile pc=0x0000024dc6351bbc method=java.util.regex.Pattern$Branch.match(Ljava/util/regex/Matcher;ILjava/lang/CharSequence;)Z @ 32
Event: 18.738 Thread 0x0000024dc3f93800 Uncommon trap: reason=bimorphic action=maybe_recompile pc=0x0000024dc6351bbc method=java.util.regex.Pattern$Branch.match(Ljava/util/regex/Matcher;ILjava/lang/CharSequence;)Z @ 32
Event: 18.779 Thread 0x0000024dc3f93800 Uncommon trap: reason=unstable_if action=reinterpret pc=0x0000024dc6094c84 method=java.util.concurrent.ConcurrentHashMap.putVal(Ljava/lang/Object;Ljava/lang/Object;Z)Ljava/lang/Object; @ 181
Event: 19.161 Thread 0x0000024dc3f93800 Uncommon trap: reason=unstable_if action=reinterpret pc=0x0000024dc62d2698 method=groovyjarjarasm.asm.Type.getArgumentsAndReturnSizes(Ljava/lang/String;)I @ 109

Classes redefined (0 events):
No events

Internal exceptions (10 events):
Event: 19.284 Thread 0x0000024dc3f93800 Exception <a 'java/lang/ClassNotFoundException': io/restassured/internal/ValidatableResponseOptionsImplCustomizer> (0x00000000e132a008) thrown at [C:\wsjdk\Corretto8Src\installers\windows\zip\corretto-build\buildRoot\src\hotspot\src\share\vm\classfile\sys
Event: 19.290 Thread 0x0000024dc3f93800 Exception <a 'java/lang/ClassNotFoundException': io/restassured/internal/ValidatableResponseImplCustomizer> (0x00000000e1384018) thrown at [C:\wsjdk\Corretto8Src\installers\windows\zip\corretto-build\buildRoot\src\hotspot\src\share\vm\classfile\systemDict
Event: 19.308 Thread 0x0000024dc3f93800 Exception <a 'java/lang/ClassNotFoundException': org/hamcrest/MatchersBeanInfo> (0x00000000e14cd480) thrown at [C:\wsjdk\Corretto8Src\installers\windows\zip\corretto-build\buildRoot\src\hotspot\src\share\vm\classfile\systemDictionary.cpp, line 217]
Event: 19.308 Thread 0x0000024dc3f93800 Exception <a 'java/lang/ClassNotFoundException': org/hamcrest/MatchersCustomizer> (0x00000000e14d50f0) thrown at [C:\wsjdk\Corretto8Src\installers\windows\zip\corretto-build\buildRoot\src\hotspot\src\share\vm\classfile\systemDictionary.cpp, line 217]
Event: 19.330 Thread 0x0000024dc3f93800 Exception <a 'java/lang/ClassNotFoundException': org/hamcrest/core/IsEqualBeanInfo> (0x00000000e162e3b8) thrown at [C:\wsjdk\Corretto8Src\installers\windows\zip\corretto-build\buildRoot\src\hotspot\src\share\vm\classfile\systemDictionary.cpp, line 217]
Event: 19.330 Thread 0x0000024dc3f93800 Exception <a 'java/lang/ClassNotFoundException': org/hamcrest/BaseMatcherBeanInfo> (0x00000000e1637428) thrown at [C:\wsjdk\Corretto8Src\installers\windows\zip\corretto-build\buildRoot\src\hotspot\src\share\vm\classfile\systemDictionary.cpp, line 217]
Event: 19.330 Thread 0x0000024dc3f93800 Exception <a 'java/lang/ClassNotFoundException': org/hamcrest/BaseMatcherCustomizer> (0x00000000e1640660) thrown at [C:\wsjdk\Corretto8Src\installers\windows\zip\corretto-build\buildRoot\src\hotspot\src\share\vm\classfile\systemDictionary.cpp, line 217]
Event: 19.331 Thread 0x0000024dc3f93800 Exception <a 'java/lang/ClassNotFoundException': org/hamcrest/core/IsEqualCustomizer> (0x00000000e164d548) thrown at [C:\wsjdk\Corretto8Src\installers\windows\zip\corretto-build\buildRoot\src\hotspot\src\share\vm\classfile\systemDictionary.cpp, line 217]
Event: 19.385 Thread 0x0000024dc3f93800 Exception <a 'java/lang/ClassNotFoundException': basqar/Model/CountryBeanInfo> (0x00000000e179e910) thrown at [C:\wsjdk\Corretto8Src\installers\windows\zip\corretto-build\buildRoot\src\hotspot\src\share\vm\classfile\systemDictionary.cpp, line 217]
Event: 19.385 Thread 0x0000024dc3f93800 Exception <a 'java/lang/ClassNotFoundException': basqar/Model/CountryCustomizer> (0x00000000e17a6c88) thrown at [C:\wsjdk\Corretto8Src\installers\windows\zip\corretto-build\buildRoot\src\hotspot\src\share\vm\classfile\systemDictionary.cpp, line 217]

Events (10 events):
Event: 19.420 loading class com/fasterxml/jackson/databind/ext/Java7Handlers
Event: 19.420 loading class com/fasterxml/jackson/databind/ext/Java7Handlers done
Event: 19.420 loading class com/fasterxml/jackson/databind/ext/Java7HandlersImpl
Event: 19.420 loading class com/fasterxml/jackson/databind/ext/Java7HandlersImpl done
Event: 19.421 loading class com/fasterxml/jackson/databind/ext/NioPathSerializer
Event: 19.421 loading class com/fasterxml/jackson/databind/ext/NioPathSerializer done
Event: 19.421 loading class com/fasterxml/jackson/databind/ext/NioPathDeserializer
Event: 19.421 loading class com/fasterxml/jackson/databind/ext/NioPathDeserializer done
Event: 19.422 loading class com/fasterxml/jackson/databind/ser/BeanSerializerBuilder
Event: 19.422 loading class com/fasterxml/jackson/databind/ser/BeanSerializerBuilder done


Dynamic libraries:
0x00007ff7b7f40000 - 0x00007ff7b7f7a000 	C:\Users\chem\.jdks\corretto-1.8.0_302\bin\java.exe
0x00007ffec77d0000 - 0x00007ffec79c5000 	C:\WINDOWS\SYSTEM32\ntdll.dll
0x00007ffec7360000 - 0x00007ffec741d000 	C:\WINDOWS\System32\KERNEL32.DLL
0x00007ffec4b60000 - 0x00007ffec4e29000 	C:\WINDOWS\System32\KERNELBASE.dll
0x00007ffec4ef0000 - 0x00007ffec4f9c000 	C:\WINDOWS\System32\ADVAPI32.dll
0x00007ffec6bf0000 - 0x00007ffec6c8e000 	C:\WINDOWS\System32\msvcrt.dll
0x00007ffec7420000 - 0x00007ffec74bb000 	C:\WINDOWS\System32\sechost.dll
0x00007ffec5ed0000 - 0x00007ffec5ffa000 	C:\WINDOWS\System32\RPCRT4.dll
0x00007ffec6000000 - 0x00007ffec61a0000 	C:\WINDOWS\System32\USER32.dll
0x00007ffec4520000 - 0x00007ffec4542000 	C:\WINDOWS\System32\win32u.dll
0x00007ffec5050000 - 0x00007ffec507a000 	C:\WINDOWS\System32\GDI32.dll
0x00007ffec4900000 - 0x00007ffec4a0b000 	C:\WINDOWS\System32\gdi32full.dll
0x00007ffec4a10000 - 0x00007ffec4aad000 	C:\WINDOWS\System32\msvcp_win.dll
0x00007ffec4600000 - 0x00007ffec4700000 	C:\WINDOWS\System32\ucrtbase.dll
0x00007ffeb18a0000 - 0x00007ffeb1b3a000 	C:\WINDOWS\WinSxS\amd64_microsoft.windows.common-controls_6595b64144ccf1df_6.0.19041.1110_none_60b5254171f9507e\COMCTL32.dll
0x00007ffec6b40000 - 0x00007ffec6b70000 	C:\WINDOWS\System32\IMM32.DLL
0x00007ffea79e0000 - 0x00007ffea7acf000 	C:\Users\chem\.jdks\corretto-1.8.0_302\jre\bin\msvcr120.dll
0x00007ffea7450000 - 0x00007ffea74f6000 	C:\Users\chem\.jdks\corretto-1.8.0_302\jre\bin\msvcp120.dll
0x000000005aa70000 - 0x000000005b2e0000 	C:\Users\chem\.jdks\corretto-1.8.0_302\jre\bin\server\jvm.dll
0x00007ffec6b70000 - 0x00007ffec6b78000 	C:\WINDOWS\System32\PSAPI.DLL
0x00007ffeb45e0000 - 0x00007ffeb45e9000 	C:\WINDOWS\SYSTEM32\WSOCK32.dll
0x00007ffeb28a0000 - 0x00007ffeb28c7000 	C:\WINDOWS\SYSTEM32\WINMM.dll
0x00007ffeb55a0000 - 0x00007ffeb55aa000 	C:\WINDOWS\SYSTEM32\VERSION.dll
0x00007ffec7220000 - 0x00007ffec728b000 	C:\WINDOWS\System32\WS2_32.dll
0x00007ffec00f0000 - 0x00007ffec00ff000 	C:\Users\chem\.jdks\corretto-1.8.0_302\jre\bin\verify.dll
0x00007ffec0040000 - 0x00007ffec0069000 	C:\Users\chem\.jdks\corretto-1.8.0_302\jre\bin\java.dll
0x00007ffec0010000 - 0x00007ffec003a000 	C:\Users\chem\.jdks\corretto-1.8.0_302\jre\bin\instrument.dll
0x00007ffebfff0000 - 0x00007ffec0006000 	C:\Users\chem\.jdks\corretto-1.8.0_302\jre\bin\zip.dll
0x00007ffec6330000 - 0x00007ffec6a6f000 	C:\WINDOWS\System32\SHELL32.dll
0x00007ffec2640000 - 0x00007ffec2dd0000 	C:\WINDOWS\SYSTEM32\windows.storage.dll
0x00007ffec6ec0000 - 0x00007ffec7215000 	C:\WINDOWS\System32\combase.dll
0x00007ffec3eb0000 - 0x00007ffec3edc000 	C:\WINDOWS\SYSTEM32\Wldp.dll
0x00007ffec6280000 - 0x00007ffec632e000 	C:\WINDOWS\System32\SHCORE.dll
0x00007ffec6b90000 - 0x00007ffec6be5000 	C:\WINDOWS\System32\shlwapi.dll
0x00007ffec4460000 - 0x00007ffec447f000 	C:\WINDOWS\SYSTEM32\profapi.dll
0x00007ffebfc70000 - 0x00007ffebfc8a000 	C:\Program Files\JetBrains\IntelliJ IDEA Educational Edition 2021.1\bin\breakgen64.dll
0x00007ffebd120000 - 0x00007ffebd13a000 	C:\Users\chem\.jdks\corretto-1.8.0_302\jre\bin\net.dll
0x00007ffec3c10000 - 0x00007ffec3c7a000 	C:\WINDOWS\system32\mswsock.dll
0x00007ffec3e00000 - 0x00007ffec3e18000 	C:\WINDOWS\SYSTEM32\CRYPTSP.dll
0x00007ffec35a0000 - 0x00007ffec35d4000 	C:\WINDOWS\system32\rsaenh.dll
0x00007ffec4e60000 - 0x00007ffec4e87000 	C:\WINDOWS\System32\bcrypt.dll
0x00007ffec43e0000 - 0x00007ffec440e000 	C:\WINDOWS\SYSTEM32\USERENV.dll
0x00007ffec4710000 - 0x00007ffec4793000 	C:\WINDOWS\System32\bcryptprimitives.dll
0x00007ffec3e20000 - 0x00007ffec3e2c000 	C:\WINDOWS\SYSTEM32\CRYPTBASE.dll
0x00007ffec3910000 - 0x00007ffec394b000 	C:\WINDOWS\SYSTEM32\IPHLPAPI.DLL
0x00007ffec6ad0000 - 0x00007ffec6ad8000 	C:\WINDOWS\System32\NSI.dll
0x00007ffebcf60000 - 0x00007ffebcf77000 	C:\WINDOWS\SYSTEM32\dhcpcsvc6.DLL
0x00007ffebde90000 - 0x00007ffebdead000 	C:\WINDOWS\SYSTEM32\dhcpcsvc.DLL
0x00007ffec3950000 - 0x00007ffec3a1c000 	C:\WINDOWS\SYSTEM32\DNSAPI.dll
0x00007ffebcd40000 - 0x00007ffebcd52000 	C:\Users\chem\.jdks\corretto-1.8.0_302\jre\bin\nio.dll
0x00007ffebb600000 - 0x00007ffebb623000 	C:\Users\chem\.jdks\corretto-1.8.0_302\jre\bin\sunec.dll
0x00007ffeb9700000 - 0x00007ffeb970a000 	C:\Windows\System32\rasadhlp.dll
0x00007ffebaae0000 - 0x00007ffebab5f000 	C:\WINDOWS\System32\fwpuclnt.dll
0x00007ffebffe0000 - 0x00007ffebffec000 	C:\Users\chem\.jdks\corretto-1.8.0_302\jre\bin\sunmscapi.dll
0x00007ffec47a0000 - 0x00007ffec48ff000 	C:\WINDOWS\System32\CRYPT32.dll
0x00007ffec3f20000 - 0x00007ffec3f47000 	C:\WINDOWS\SYSTEM32\ncrypt.dll
0x00007ffec3ee0000 - 0x00007ffec3f1b000 	C:\WINDOWS\SYSTEM32\NTASN1.dll

VM Arguments:
jvm_args: -ea -Didea.test.cyclic.buffer.size=1048576 -javaagent:C:\Program Files\JetBrains\IntelliJ IDEA Educational Edition 2021.1\lib\idea_rt.jar=59896:C:\Program Files\JetBrains\IntelliJ IDEA Educational Edition 2021.1\bin -Dfile.encoding=UTF-8 
java_command: com.intellij.rt.testng.RemoteTestNGStarter -usedefaultlisteners false -socket59895 @w@C:\Users\chem\AppData\Local\Temp\idea_working_dirs_testng.tmp -temp C:\Users\chem\AppData\Local\Temp\idea_testng2.tmp
java_class_path (initial): C:\Program Files\JetBrains\IntelliJ IDEA Educational Edition 2021.1\lib\idea_rt.jar;C:\Program Files\JetBrains\IntelliJ IDEA Educational Edition 2021.1\plugins\testng\lib\testng-rt.jar;C:\Users\chem\.jdks\corretto-1.8.0_302\jre\lib\charsets.jar;C:\Users\chem\.jdks\corretto-1.8.0_302\jre\lib\ext\access-bridge-64.jar;C:\Users\chem\.jdks\corretto-1.8.0_302\jre\lib\ext\cldrdata.jar;C:\Users\chem\.jdks\corretto-1.8.0_302\jre\lib\ext\dnsns.jar;C:\Users\chem\.jdks\corretto-1.8.0_302\jre\lib\ext\jaccess.jar;C:\Users\chem\.jdks\corretto-1.8.0_302\jre\lib\ext\jfxrt.jar;C:\Users\chem\.jdks\corretto-1.8.0_302\jre\lib\ext\localedata.jar;C:\Users\chem\.jdks\corretto-1.8.0_302\jre\lib\ext\nashorn.jar;C:\Users\chem\.jdks\corretto-1.8.0_302\jre\lib\ext\sunec.jar;C:\Users\chem\.jdks\corretto-1.8.0_302\jre\lib\ext\sunjce_provider.jar;C:\Users\chem\.jdks\corretto-1.8.0_302\jre\lib\ext\sunmscapi.jar;C:\Users\chem\.jdks\corretto-1.8.0_302\jre\lib\ext\sunpkcs11.jar;C:\Users\chem\.jdks\corretto-1.8.0_302\jre\lib\ext\zipfs.jar;C:\Users\chem\.jdks\corretto-1.8.0_302\jre\lib\jce.jar;C:\Users\chem\.jdks\corretto-1.8.0_302\jre\lib\jfr.jar;C:\Users\chem\.jdks\corretto-1.8.0_302\jre\lib\jfxswt.jar;C:\Users\chem\.jdks\corretto-1.8.0_302\jre\lib\jsse.jar;C:\Users\chem\.jdks\corretto-1.8.0_302\jre\lib\management-agent.jar;C:\Users\chem\.jdks\corretto-1.8.0_302\jre\lib\resources.jar;C:\Users\chem\.jdks\corretto-1.8.0_302\jre\lib\rt.jar;D:\RestAssured\target\test-classes;C:\Users\chem\.m2\repository\io\rest-assured\rest-assured\4.2.0\rest-assured-4.2.0.jar;C:\Users\chem\.m2\repository\org\codehaus\groovy\groovy\2.5.8\groovy-2.5.8.jar;C:\Users\chem\.m2\repository\org\codehaus\groovy\groovy-xml\2.5.8\groovy-xml-2.5.8.jar;C:\Users\chem\.m2\repository\org\apache\httpcomponents\httpclient\4.5.3\httpclient-4.5.3.jar;C:\Users\chem\.m2\repository\org\apache\httpcomponents\httpcore\4.4.6\httpcore-4.4.6.jar;C:\Users\chem\.m2\repository\commons-logging\commons-logging\1.2\commons-log
Launcher Type: SUN_STANDARD

Environment Variables:
PATH=C:\Program Files (x86)\Common Files\Oracle\Java\javapath;C:\Program Files\Common Files\Oracle\Java\javapath;C:\Program Files (x86)\Common Files\Intel\Shared Files\cpp\bin\Intel64;C:\Program Files\Common Files\Microsoft Shared\Windows Live;C:\Program Files (x86)\Common Files\Microsoft Shared\Windows Live;C:\Program Files\Broadcom\Broadcom 802.11 Network Adapter\Driver;C:\Program Files (x86)\NVIDIA Corporation\PhysX\Common;C:\WINDOWS\system32;C:\WINDOWS;C:\WINDOWS\System32\Wbem;C:\WINDOWS\System32\WindowsPowerShell\v1.0\;C:\Program Files\Intel\WiFi\bin\;C:\Program Files\Common Files\Intel\WirelessCommon\;C:\Program Files (x86)\Windows Live\Shared;C:\Program Files\Calibre2\;C:\WINDOWS\System32\OpenSSH\;C:\Program Files\Git\cmd;C:\Program Files\Intel\WiFi\bin\;C:\Program Files\Common Files\Intel\WirelessCommon\;C:\Users\chem\AppData\Local\Microsoft\WindowsApps;C:\Users\chem\AppData\Local\GitHubDesktop\bin
USERNAME=chem
OS=Windows_NT
PROCESSOR_IDENTIFIER=Intel64 Family 6 Model 42 Stepping 7, GenuineIntel



---------------  S Y S T E M  ---------------

OS: Windows 10.0 , 64 bit Build 19041 (10.0.19041.1151)

CPU:total 4 (initial active 4) (2 cores per cpu, 2 threads per core) family 6 model 42 stepping 7, cmov, cx8, fxsr, mmx, sse, sse2, sse3, ssse3, sse4.1, sse4.2, popcnt, avx, aes, clmul, ht, tsc, tscinvbit

Memory: 4k page, physical 6139756k(477684k free), swap 7824236k(3116k free)

vm_info: OpenJDK 64-Bit Server VM (25.302-b08) for windows-amd64 JRE (1.8.0_302-b08), built on Jul 15 2021 19:37:21 by "Administrator" with MS VC++ 12.0 (VS2013)

time: Mon Sep 13 21:06:00 2021
timezone: Turkey Standard Time
elapsed time: 19.531290 seconds (0d 0h 0m 19s)

