#
# There is insufficient memory for the Java Runtime Environment to continue.
# Native memory allocation (malloc) failed to allocate 261136 bytes for Chunk::new
# Possible reasons:
#   The system is out of physical RAM or swap space
#   The process is running with CompressedOops enabled, and the Java Heap may be blocking the growth of the native heap
# Possible solutions:
#   Reduce memory load on the system
#   Increase physical memory or swap space
#   Check if swap backing store is full
#   Decrease Java heap size (-Xmx/-Xms)
#   Decrease number of Java threads
#   Decrease Java thread stack sizes (-Xss)
#   Set larger code cache with -XX:ReservedCodeCacheSize=
#   JVM is running with Unscaled Compressed Oops mode in which the Java heap is
#     placed in the first 4GB address space. The Java Heap base address is the
#     maximum limit for the native heap growth. Please use -XX:HeapBaseMinAddress
#     to set the Java Heap base and to place the Java Heap above 4GB virtual address.
# This output file may be truncated or incomplete.
#
#  Out of Memory Error (allocation.cpp:389), pid=4448, tid=0x000000000000209c
#
# JRE version: OpenJDK Runtime Environment (8.0_302-b08) (build 1.8.0_302-b08)
# Java VM: OpenJDK 64-Bit Server VM (25.302-b08 mixed mode windows-amd64 compressed oops)
# Failed to write core dump. Minidumps are not enabled by default on client versions of Windows
#

---------------  T H R E A D  ---------------

Current thread (0x00000209e4258000):  JavaThread "C2 CompilerThread0" daemon [_thread_in_native, id=8348, stack(0x000000bd76800000,0x000000bd76900000)]

Stack: [0x000000bd76800000,0x000000bd76900000]
[error occurred during error reporting (printing stack bounds), id 0xc0000005]

Native frames: (J=compiled Java code, j=interpreted, Vv=VM code, C=native code)


Current CompileTask:
C2:  75452 5782       4       com.fasterxml.jackson.databind.deser.DeserializerCache::findValueDeserializer (37 bytes)


---------------  P R O C E S S  ---------------

Java Threads: ( => current thread )
  0x00000209e427a000 JavaThread "Service Thread" daemon [_thread_blocked, id=1728, stack(0x000000bd76b00000,0x000000bd76c00000)]
  0x00000209e42ce800 JavaThread "C1 CompilerThread2" daemon [_thread_blocked, id=6204, stack(0x000000bd76a00000,0x000000bd76b00000)]
  0x00000209e4259800 JavaThread "C2 CompilerThread1" daemon [_thread_in_native, id=4504, stack(0x000000bd76900000,0x000000bd76a00000)]
=>0x00000209e4258000 JavaThread "C2 CompilerThread0" daemon [_thread_in_native, id=8348, stack(0x000000bd76800000,0x000000bd76900000)]
  0x00000209e4253800 JavaThread "Monitor Ctrl-Break" daemon [_thread_in_native, id=11204, stack(0x000000bd76700000,0x000000bd76800000)]
  0x00000209e41c6800 JavaThread "Attach Listener" daemon [_thread_blocked, id=8996, stack(0x000000bd76600000,0x000000bd76700000)]
  0x00000209e41cf000 JavaThread "Signal Dispatcher" daemon [_thread_blocked, id=4432, stack(0x000000bd76500000,0x000000bd76600000)]
  0x00000209e41a5800 JavaThread "Finalizer" daemon [_thread_blocked, id=2512, stack(0x000000bd76400000,0x000000bd76500000)]
  0x00000209e4198000 JavaThread "Reference Handler" daemon [_thread_blocked, id=8592, stack(0x000000bd76300000,0x000000bd76400000)]
  0x00000209ced63800 JavaThread "main" [_thread_in_native, id=7912, stack(0x000000bd75d00000,0x000000bd75e00000)]

Other Threads:
  0x00000209e4175800 VMThread [stack: 0x000000bd76200000,0x000000bd76300000] [id=2324]
  0x00000209e4ddf000 WatcherThread [stack: 0x000000bd76c00000,0x000000bd76d00000] [id=11144]

VM state:not at safepoint (normal execution)

VM Mutex/Monitor currently owned by a thread: None

heap address: 0x00000000a2400000, size: 1500 MB, Compressed Oops mode: 32-bit
Narrow klass base: 0x0000000000000000, Narrow klass shift: 3
Compressed class space size: 1073741824 Address: 0x0000000100000000

Heap:
 PSYoungGen      total 155136K, used 43386K [0x00000000e0c00000, 0x00000000eca00000, 0x0000000100000000)
  eden space 142848K, 24% used [0x00000000e0c00000,0x00000000e2dd6770,0x00000000e9780000)
  from space 12288K, 71% used [0x00000000e9780000,0x00000000ea0080f8,0x00000000ea380000)
  to   space 12288K, 0% used [0x00000000ebe00000,0x00000000ebe00000,0x00000000eca00000)
 ParOldGen       total 56320K, used 17028K [0x00000000a2400000, 0x00000000a5b00000, 0x00000000e0c00000)
  object space 56320K, 30% used [0x00000000a2400000,0x00000000a34a11f0,0x00000000a5b00000)
 Metaspace       used 33277K, capacity 35292K, committed 35496K, reserved 1081344K
  class space    used 3847K, capacity 4491K, committed 4608K, reserved 1048576K

Card table byte_map: [0x00000209dfa80000,0x00000209dfd70000] byte_map_base: 0x00000209df56e000

Marking Bits: (ParMarkBitMap*) 0x000000005b261820
 Begin Bits: [0x00000209dff70000, 0x00000209e16e0000)
 End Bits:   [0x00000209e16e0000, 0x00000209e2e50000)

Polling page: 0x00000209ced10000

CodeCache: size=245760Kb used=18441Kb max_used=18455Kb free=227318Kb
 bounds [0x00000209d06c0000, 0x00000209d18e0000, 0x00000209df6c0000]
 total_blobs=5828 nmethods=5103 adapters=635
 compilation: enabled

Compilation events (10 events):
Event: 75.224 Thread 0x00000209e42ce800 5789       3       com.fasterxml.jackson.annotation.JsonFormat$Value::hasShape (16 bytes)
Event: 75.224 Thread 0x00000209e42ce800 nmethod 5789 0x00000209d18d4ad0 code [0x00000209d18d4c20, 0x00000209d18d4dd8]
Event: 75.224 Thread 0x00000209e42ce800 5790       3       com.fasterxml.jackson.annotation.JsonFormat$Value::getFeature (9 bytes)
Event: 75.224 Thread 0x00000209e42ce800 nmethod 5790 0x00000209d18d4e50 code [0x00000209d18d4fe0, 0x00000209d18d5418]
Event: 75.224 Thread 0x00000209e42ce800 5791       3       com.fasterxml.jackson.annotation.JsonFormat$Features::get (35 bytes)
Event: 75.224 Thread 0x00000209e42ce800 nmethod 5791 0x00000209d18d5650 code [0x00000209d18d57c0, 0x00000209d18d5b98]
Event: 75.241 Thread 0x00000209e4259800 nmethod 5762 0x00000209d18d9850 code [0x00000209d18d9a40, 0x00000209d18da958]
Event: 75.241 Thread 0x00000209e4259800 5792       4       org.codehaus.groovy.runtime.callsite.AbstractCallSite::callCurrent (37 bytes)
Event: 75.243 Thread 0x00000209e4259800 nmethod 5792 0x00000209d18d6650 code [0x00000209d18d67a0, 0x00000209d18d6918]
Event: 75.400 Thread 0x00000209e4259800 5793   !   4       java.lang.Class::getEnumConstantsShared (73 bytes)

GC Heap History (10 events):
Event: 5.207 GC heap before
{Heap before GC invocations=6 (full 0):
 PSYoungGen      total 52736K, used 11433K [0x00000000e0c00000, 0x00000000e7f00000, 0x0000000100000000)
  eden space 49152K, 16% used [0x00000000e0c00000,0x00000000e13ae688,0x00000000e3c00000)
  from space 3584K, 99% used [0x00000000e3c00000,0x00000000e3f7c030,0x00000000e3f80000)
  to   space 9728K, 0% used [0x00000000e7580000,0x00000000e7580000,0x00000000e7f00000)
 ParOldGen       total 64512K, used 12952K [0x00000000a2400000, 0x00000000a6300000, 0x00000000e0c00000)
  object space 64512K, 20% used [0x00000000a2400000,0x00000000a30a61c0,0x00000000a6300000)
 Metaspace       used 20273K, capacity 21178K, committed 21296K, reserved 1067008K
  class space    used 2438K, capacity 2828K, committed 2944K, reserved 1048576K
Event: 5.221 GC heap after
Heap after GC invocations=6 (full 0):
 PSYoungGen      total 108032K, used 4555K [0x00000000e0c00000, 0x00000000e7f00000, 0x0000000100000000)
  eden space 98304K, 0% used [0x00000000e0c00000,0x00000000e0c00000,0x00000000e6c00000)
  from space 9728K, 46% used [0x00000000e7580000,0x00000000e79f2ee8,0x00000000e7f00000)
  to   space 9728K, 0% used [0x00000000e6c00000,0x00000000e6c00000,0x00000000e7580000)
 ParOldGen       total 64512K, used 12952K [0x00000000a2400000, 0x00000000a6300000, 0x00000000e0c00000)
  object space 64512K, 20% used [0x00000000a2400000,0x00000000a30a61c0,0x00000000a6300000)
 Metaspace       used 20273K, capacity 21178K, committed 21296K, reserved 1067008K
  class space    used 2438K, capacity 2828K, committed 2944K, reserved 1048576K
}
Event: 5.221 GC heap before
{Heap before GC invocations=7 (full 1):
 PSYoungGen      total 108032K, used 4555K [0x00000000e0c00000, 0x00000000e7f00000, 0x0000000100000000)
  eden space 98304K, 0% used [0x00000000e0c00000,0x00000000e0c00000,0x00000000e6c00000)
  from space 9728K, 46% used [0x00000000e7580000,0x00000000e79f2ee8,0x00000000e7f00000)
  to   space 9728K, 0% used [0x00000000e6c00000,0x00000000e6c00000,0x00000000e7580000)
 ParOldGen       total 64512K, used 12952K [0x00000000a2400000, 0x00000000a6300000, 0x00000000e0c00000)
  object space 64512K, 20% used [0x00000000a2400000,0x00000000a30a61c0,0x00000000a6300000)
 Metaspace       used 20273K, capacity 21178K, committed 21296K, reserved 1067008K
  class space    used 2438K, capacity 2828K, committed 2944K, reserved 1048576K
Event: 5.329 GC heap after
Heap after GC invocations=7 (full 1):
 PSYoungGen      total 108032K, used 0K [0x00000000e0c00000, 0x00000000e7f00000, 0x0000000100000000)
  eden space 98304K, 0% used [0x00000000e0c00000,0x00000000e0c00000,0x00000000e6c00000)
  from space 9728K, 0% used [0x00000000e7580000,0x00000000e7580000,0x00000000e7f00000)
  to   space 9728K, 0% used [0x00000000e6c00000,0x00000000e6c00000,0x00000000e7580000)
 ParOldGen       total 56320K, used 14707K [0x00000000a2400000, 0x00000000a5b00000, 0x00000000e0c00000)
  object space 56320K, 26% used [0x00000000a2400000,0x00000000a325cc50,0x00000000a5b00000)
 Metaspace       used 20273K, capacity 21178K, committed 21296K, reserved 1067008K
  class space    used 2438K, capacity 2828K, committed 2944K, reserved 1048576K
}
Event: 10.433 GC heap before
{Heap before GC invocations=8 (full 1):
 PSYoungGen      total 108032K, used 98304K [0x00000000e0c00000, 0x00000000e7f00000, 0x0000000100000000)
  eden space 98304K, 100% used [0x00000000e0c00000,0x00000000e6c00000,0x00000000e6c00000)
  from space 9728K, 0% used [0x00000000e7580000,0x00000000e7580000,0x00000000e7f00000)
  to   space 9728K, 0% used [0x00000000e6c00000,0x00000000e6c00000,0x00000000e7580000)
 ParOldGen       total 56320K, used 14707K [0x00000000a2400000, 0x00000000a5b00000, 0x00000000e0c00000)
  object space 56320K, 26% used [0x00000000a2400000,0x00000000a325cc50,0x00000000a5b00000)
 Metaspace       used 30703K, capacity 32092K, committed 32128K, reserved 1077248K
  class space    used 3710K, capacity 4210K, committed 4224K, reserved 1048576K
Event: 10.446 GC heap after
Heap after GC invocations=8 (full 1):
 PSYoungGen      total 108032K, used 9712K [0x00000000e0c00000, 0x00000000eb380000, 0x0000000100000000)
  eden space 98304K, 0% used [0x00000000e0c00000,0x00000000e0c00000,0x00000000e6c00000)
  from space 9728K, 99% used [0x00000000e6c00000,0x00000000e757c388,0x00000000e7580000)
  to   space 12288K, 0% used [0x00000000ea780000,0x00000000ea780000,0x00000000eb380000)
 ParOldGen       total 56320K, used 17012K [0x00000000a2400000, 0x00000000a5b00000, 0x00000000e0c00000)
  object space 56320K, 30% used [0x00000000a2400000,0x00000000a349d1f0,0x00000000a5b00000)
 Metaspace       used 30703K, capacity 32092K, committed 32128K, reserved 1077248K
  class space    used 3710K, capacity 4210K, committed 4224K, reserved 1048576K
}
Event: 33.728 GC heap before
{Heap before GC invocations=9 (full 1):
 PSYoungGen      total 108032K, used 108016K [0x00000000e0c00000, 0x00000000eb380000, 0x0000000100000000)
  eden space 98304K, 100% used [0x00000000e0c00000,0x00000000e6c00000,0x00000000e6c00000)
  from space 9728K, 99% used [0x00000000e6c00000,0x00000000e757c388,0x00000000e7580000)
  to   space 12288K, 0% used [0x00000000ea780000,0x00000000ea780000,0x00000000eb380000)
 ParOldGen       total 56320K, used 17012K [0x00000000a2400000, 0x00000000a5b00000, 0x00000000e0c00000)
  object space 56320K, 30% used [0x00000000a2400000,0x00000000a349d1f0,0x00000000a5b00000)
 Metaspace       used 32249K, capacity 34150K, committed 34432K, reserved 1079296K
  class space    used 3817K, capacity 4413K, committed 4480K, reserved 1048576K
Event: 33.740 GC heap after
Heap after GC invocations=9 (full 1):
 PSYoungGen      total 147968K, used 7760K [0x00000000e0c00000, 0x00000000eaf80000, 0x0000000100000000)
  eden space 139776K, 0% used [0x00000000e0c00000,0x00000000e0c00000,0x00000000e9480000)
  from space 8192K, 94% used [0x00000000ea780000,0x00000000eaf14118,0x00000000eaf80000)
  to   space 12288K, 0% used [0x00000000e9780000,0x00000000e9780000,0x00000000ea380000)
 ParOldGen       total 56320K, used 17020K [0x00000000a2400000, 0x00000000a5b00000, 0x00000000e0c00000)
  object space 56320K, 30% used [0x00000000a2400000,0x00000000a349f1f0,0x00000000a5b00000)
 Metaspace       used 32249K, capacity 34150K, committed 34432K, reserved 1079296K
  class space    used 3817K, capacity 4413K, committed 4480K, reserved 1048576K
}
Event: 66.959 GC heap before
{Heap before GC invocations=10 (full 1):
 PSYoungGen      total 147968K, used 147536K [0x00000000e0c00000, 0x00000000eaf80000, 0x0000000100000000)
  eden space 139776K, 100% used [0x00000000e0c00000,0x00000000e9480000,0x00000000e9480000)
  from space 8192K, 94% used [0x00000000ea780000,0x00000000eaf14118,0x00000000eaf80000)
  to   space 12288K, 0% used [0x00000000e9780000,0x00000000e9780000,0x00000000ea380000)
 ParOldGen       total 56320K, used 17020K [0x00000000a2400000, 0x00000000a5b00000, 0x00000000e0c00000)
  object space 56320K, 30% used [0x00000000a2400000,0x00000000a349f1f0,0x00000000a5b00000)
 Metaspace       used 33118K, capacity 35116K, committed 35200K, reserved 1079296K
  class space    used 3841K, capacity 4475K, committed 4480K, reserved 1048576K
Event: 66.977 GC heap after
Heap after GC invocations=10 (full 1):
 PSYoungGen      total 155136K, used 8736K [0x00000000e0c00000, 0x00000000eca00000, 0x0000000100000000)
  eden space 142848K, 0% used [0x00000000e0c00000,0x00000000e0c00000,0x00000000e9780000)
  from space 12288K, 71% used [0x00000000e9780000,0x00000000ea0080f8,0x00000000ea380000)
  to   space 12288K, 0% used [0x00000000ebe00000,0x00000000ebe00000,0x00000000eca00000)
 ParOldGen       total 56320K, used 17028K [0x00000000a2400000, 0x00000000a5b00000, 0x00000000e0c00000)
  object space 56320K, 30% used [0x00000000a2400000,0x00000000a34a11f0,0x00000000a5b00000)
 Metaspace       used 33118K, capacity 35116K, committed 35200K, reserved 1079296K
  class space    used 3841K, capacity 4475K, committed 4480K, reserved 1048576K
}

Deoptimization events (10 events):
Event: 25.051 Thread 0x00000209ced63800 Uncommon trap: reason=unstable_if action=reinterpret pc=0x00000209d0e435d0 method=java.io.ByteArrayInputStream.read()I @ 8
Event: 35.667 Thread 0x00000209ced63800 Uncommon trap: reason=class_check action=maybe_recompile pc=0x00000209d089970c method=org.codehaus.groovy.runtime.callsite.PogoMetaMethodSite.nonParamCheck(Ljava/lang/Object;)Z @ 7
Event: 36.729 Thread 0x00000209ced63800 Uncommon trap: reason=class_check action=maybe_recompile pc=0x00000209d089970c method=org.codehaus.groovy.runtime.callsite.PogoMetaMethodSite.nonParamCheck(Ljava/lang/Object;)Z @ 7
Event: 37.770 Thread 0x00000209ced63800 Uncommon trap: reason=class_check action=maybe_recompile pc=0x00000209d089970c method=org.codehaus.groovy.runtime.callsite.PogoMetaMethodSite.nonParamCheck(Ljava/lang/Object;)Z @ 7
Event: 51.424 Thread 0x00000209ced63800 Uncommon trap: reason=null_check action=make_not_entrant pc=0x00000209d144b968 method=com.fasterxml.jackson.databind.JavaType.isAbstract()Z @ 4
Event: 67.030 Thread 0x00000209ced63800 Uncommon trap: reason=predicate action=maybe_recompile pc=0x00000209d0e4f064 method=java.util.AbstractCollection.toArray([Ljava/lang/Object;)[Ljava/lang/Object; @ 49
Event: 69.112 Thread 0x00000209ced63800 Uncommon trap: reason=array_check action=maybe_recompile pc=0x00000209d13a029c method=java.util.AbstractCollection.toArray([Ljava/lang/Object;)[Ljava/lang/Object; @ 119
Event: 69.112 Thread 0x00000209ced63800 Uncommon trap: reason=array_check action=maybe_recompile pc=0x00000209d13a029c method=java.util.AbstractCollection.toArray([Ljava/lang/Object;)[Ljava/lang/Object; @ 119
Event: 69.112 Thread 0x00000209ced63800 Uncommon trap: reason=array_check action=maybe_recompile pc=0x00000209d13a029c method=java.util.AbstractCollection.toArray([Ljava/lang/Object;)[Ljava/lang/Object; @ 119
Event: 69.112 Thread 0x00000209ced63800 Uncommon trap: reason=array_check action=maybe_recompile pc=0x00000209d13a029c method=java.util.AbstractCollection.toArray([Ljava/lang/Object;)[Ljava/lang/Object; @ 119

Classes redefined (0 events):
No events

Internal exceptions (10 events):
Event: 70.626 Thread 0x00000209ced63800 Exception <a 'java/lang/ClassNotFoundException': Script1BeanInfo> (0x00000000e1a1e740) thrown at [C:\wsjdk\Corretto8Src\installers\windows\zip\corretto-build\buildRoot\src\hotspot\src\share\vm\classfile\systemDictionary.cpp, line 217]
Event: 70.627 Thread 0x00000209ced63800 Exception <a 'java/lang/ClassNotFoundException': Script1Customizer> (0x00000000e1a281b8) thrown at [C:\wsjdk\Corretto8Src\installers\windows\zip\corretto-build\buildRoot\src\hotspot\src\share\vm\classfile\systemDictionary.cpp, line 217]
Event: 72.142 Thread 0x00000209ced63800 Exception <a 'java/lang/ClassNotFoundException': Script1BeanInfo> (0x00000000e1e47cb0) thrown at [C:\wsjdk\Corretto8Src\installers\windows\zip\corretto-build\buildRoot\src\hotspot\src\share\vm\classfile\systemDictionary.cpp, line 217]
Event: 72.143 Thread 0x00000209ced63800 Exception <a 'java/lang/ClassNotFoundException': Script1Customizer> (0x00000000e1e51728) thrown at [C:\wsjdk\Corretto8Src\installers\windows\zip\corretto-build\buildRoot\src\hotspot\src\share\vm\classfile\systemDictionary.cpp, line 217]
Event: 73.154 Thread 0x00000209ced63800 Exception <a 'java/lang/ClassNotFoundException': Script1BeanInfo> (0x00000000e2286290) thrown at [C:\wsjdk\Corretto8Src\installers\windows\zip\corretto-build\buildRoot\src\hotspot\src\share\vm\classfile\systemDictionary.cpp, line 217]
Event: 73.154 Thread 0x00000209ced63800 Exception <a 'java/lang/ClassNotFoundException': Script1Customizer> (0x00000000e228fd08) thrown at [C:\wsjdk\Corretto8Src\installers\windows\zip\corretto-build\buildRoot\src\hotspot\src\share\vm\classfile\systemDictionary.cpp, line 217]
Event: 74.174 Thread 0x00000209ced63800 Exception <a 'java/lang/ClassNotFoundException': Script1BeanInfo> (0x00000000e26b1658) thrown at [C:\wsjdk\Corretto8Src\installers\windows\zip\corretto-build\buildRoot\src\hotspot\src\share\vm\classfile\systemDictionary.cpp, line 217]
Event: 74.174 Thread 0x00000209ced63800 Exception <a 'java/lang/ClassNotFoundException': Script1Customizer> (0x00000000e26bb0d0) thrown at [C:\wsjdk\Corretto8Src\installers\windows\zip\corretto-build\buildRoot\src\hotspot\src\share\vm\classfile\systemDictionary.cpp, line 217]
Event: 75.195 Thread 0x00000209ced63800 Exception <a 'java/lang/ClassNotFoundException': Script1BeanInfo> (0x00000000e2ad6af8) thrown at [C:\wsjdk\Corretto8Src\installers\windows\zip\corretto-build\buildRoot\src\hotspot\src\share\vm\classfile\systemDictionary.cpp, line 217]
Event: 75.195 Thread 0x00000209ced63800 Exception <a 'java/lang/ClassNotFoundException': Script1Customizer> (0x00000000e2ae0570) thrown at [C:\wsjdk\Corretto8Src\installers\windows\zip\corretto-build\buildRoot\src\hotspot\src\share\vm\classfile\systemDictionary.cpp, line 217]

Events (10 events):
Event: 75.195 loading class Script1BeanInfo
Event: 75.195 loading class Script1BeanInfo done
Event: 75.195 loading class Script1BeanInfo
Event: 75.195 loading class Script1BeanInfo done
Event: 75.195 loading class Script1Customizer
Event: 75.195 loading class Script1Customizer done
Event: 75.195 loading class Script1Customizer
Event: 75.195 loading class Script1Customizer done
Event: 75.195 loading class Script1Customizer
Event: 75.195 loading class Script1Customizer done


Dynamic libraries:
0x00007ff684890000 - 0x00007ff6848ca000 	C:\Users\chem\.jdks\corretto-1.8.0_302\bin\java.exe
0x00007ffec77d0000 - 0x00007ffec79c5000 	C:\WINDOWS\SYSTEM32\ntdll.dll
0x00007ffec7360000 - 0x00007ffec741d000 	C:\WINDOWS\System32\KERNEL32.DLL
0x00007ffec4b60000 - 0x00007ffec4e29000 	C:\WINDOWS\System32\KERNELBASE.dll
0x00007ffec4ef0000 - 0x00007ffec4f9c000 	C:\WINDOWS\System32\ADVAPI32.dll
0x00007ffec6bf0000 - 0x00007ffec6c8e000 	C:\WINDOWS\System32\msvcrt.dll
0x00007ffec7420000 - 0x00007ffec74bb000 	C:\WINDOWS\System32\sechost.dll
0x00007ffec5ed0000 - 0x00007ffec5ffa000 	C:\WINDOWS\System32\RPCRT4.dll
0x00007ffec6000000 - 0x00007ffec61a0000 	C:\WINDOWS\System32\USER32.dll
0x00007ffec4520000 - 0x00007ffec4542000 	C:\WINDOWS\System32\win32u.dll
0x00007ffec5050000 - 0x00007ffec507a000 	C:\WINDOWS\System32\GDI32.dll
0x00007ffec4900000 - 0x00007ffec4a0b000 	C:\WINDOWS\System32\gdi32full.dll
0x00007ffec4a10000 - 0x00007ffec4aad000 	C:\WINDOWS\System32\msvcp_win.dll
0x00007ffec4600000 - 0x00007ffec4700000 	C:\WINDOWS\System32\ucrtbase.dll
0x00007ffeb18a0000 - 0x00007ffeb1b3a000 	C:\WINDOWS\WinSxS\amd64_microsoft.windows.common-controls_6595b64144ccf1df_6.0.19041.1110_none_60b5254171f9507e\COMCTL32.dll
0x00007ffec6b40000 - 0x00007ffec6b70000 	C:\WINDOWS\System32\IMM32.DLL
0x00007ffebafc0000 - 0x00007ffebb0af000 	C:\Users\chem\.jdks\corretto-1.8.0_302\jre\bin\msvcr120.dll
0x00007ffebaf10000 - 0x00007ffebafb6000 	C:\Users\chem\.jdks\corretto-1.8.0_302\jre\bin\msvcp120.dll
0x000000005aa70000 - 0x000000005b2e0000 	C:\Users\chem\.jdks\corretto-1.8.0_302\jre\bin\server\jvm.dll
0x00007ffec6b70000 - 0x00007ffec6b78000 	C:\WINDOWS\System32\PSAPI.DLL
0x00007ffeb45e0000 - 0x00007ffeb45e9000 	C:\WINDOWS\SYSTEM32\WSOCK32.dll
0x00007ffec7220000 - 0x00007ffec728b000 	C:\WINDOWS\System32\WS2_32.dll
0x00007ffeb55a0000 - 0x00007ffeb55aa000 	C:\WINDOWS\SYSTEM32\VERSION.dll
0x00007ffeb28a0000 - 0x00007ffeb28c7000 	C:\WINDOWS\SYSTEM32\WINMM.dll
0x00007ffebffb0000 - 0x00007ffebffbf000 	C:\Users\chem\.jdks\corretto-1.8.0_302\jre\bin\verify.dll
0x00007ffebd110000 - 0x00007ffebd139000 	C:\Users\chem\.jdks\corretto-1.8.0_302\jre\bin\java.dll
0x00007ffebad80000 - 0x00007ffebadaa000 	C:\Users\chem\.jdks\corretto-1.8.0_302\jre\bin\instrument.dll
0x00007ffebd0f0000 - 0x00007ffebd106000 	C:\Users\chem\.jdks\corretto-1.8.0_302\jre\bin\zip.dll
0x00007ffec6330000 - 0x00007ffec6a6f000 	C:\WINDOWS\System32\SHELL32.dll
0x00007ffec2640000 - 0x00007ffec2dd0000 	C:\WINDOWS\SYSTEM32\windows.storage.dll
0x00007ffec6ec0000 - 0x00007ffec7215000 	C:\WINDOWS\System32\combase.dll
0x00007ffec3eb0000 - 0x00007ffec3edc000 	C:\WINDOWS\SYSTEM32\Wldp.dll
0x00007ffec6280000 - 0x00007ffec632e000 	C:\WINDOWS\System32\SHCORE.dll
0x00007ffec6b90000 - 0x00007ffec6be5000 	C:\WINDOWS\System32\shlwapi.dll
0x00007ffec4460000 - 0x00007ffec447f000 	C:\WINDOWS\SYSTEM32\profapi.dll
0x00007ffebcd40000 - 0x00007ffebcd5a000 	C:\Program Files\JetBrains\IntelliJ IDEA Educational Edition 2021.1\bin\breakgen64.dll
0x00007ffebc0e0000 - 0x00007ffebc0fa000 	C:\Users\chem\.jdks\corretto-1.8.0_302\jre\bin\net.dll
0x00007ffec3c10000 - 0x00007ffec3c7a000 	C:\WINDOWS\system32\mswsock.dll
0x00007ffec3e00000 - 0x00007ffec3e18000 	C:\WINDOWS\SYSTEM32\CRYPTSP.dll
0x00007ffec35a0000 - 0x00007ffec35d4000 	C:\WINDOWS\system32\rsaenh.dll
0x00007ffec4e60000 - 0x00007ffec4e87000 	C:\WINDOWS\System32\bcrypt.dll
0x00007ffec43e0000 - 0x00007ffec440e000 	C:\WINDOWS\SYSTEM32\USERENV.dll
0x00007ffec4710000 - 0x00007ffec4793000 	C:\WINDOWS\System32\bcryptprimitives.dll
0x00007ffec3e20000 - 0x00007ffec3e2c000 	C:\WINDOWS\SYSTEM32\CRYPTBASE.dll
0x00007ffec3910000 - 0x00007ffec394b000 	C:\WINDOWS\SYSTEM32\IPHLPAPI.DLL
0x00007ffec6ad0000 - 0x00007ffec6ad8000 	C:\WINDOWS\System32\NSI.dll
0x00007ffebcf60000 - 0x00007ffebcf77000 	C:\WINDOWS\SYSTEM32\dhcpcsvc6.DLL
0x00007ffebde90000 - 0x00007ffebdead000 	C:\WINDOWS\SYSTEM32\dhcpcsvc.DLL
0x00007ffec3950000 - 0x00007ffec3a1c000 	C:\WINDOWS\SYSTEM32\DNSAPI.dll
0x00007ffebb5f0000 - 0x00007ffebb602000 	C:\Users\chem\.jdks\corretto-1.8.0_302\jre\bin\nio.dll
0x00007ffea5b30000 - 0x00007ffea5b53000 	C:\Users\chem\.jdks\corretto-1.8.0_302\jre\bin\sunec.dll
0x00007ffeb9700000 - 0x00007ffeb970a000 	C:\Windows\System32\rasadhlp.dll
0x00007ffebaae0000 - 0x00007ffebab5f000 	C:\WINDOWS\System32\fwpuclnt.dll
0x00007ffebd710000 - 0x00007ffebd71c000 	C:\Users\chem\.jdks\corretto-1.8.0_302\jre\bin\sunmscapi.dll
0x00007ffec47a0000 - 0x00007ffec48ff000 	C:\WINDOWS\System32\CRYPT32.dll
0x00007ffec3f20000 - 0x00007ffec3f47000 	C:\WINDOWS\SYSTEM32\ncrypt.dll
0x00007ffec3ee0000 - 0x00007ffec3f1b000 	C:\WINDOWS\SYSTEM32\NTASN1.dll

VM Arguments:
jvm_args: -ea -Didea.test.cyclic.buffer.size=1048576 -javaagent:C:\Program Files\JetBrains\IntelliJ IDEA Educational Edition 2021.1\lib\idea_rt.jar=59864:C:\Program Files\JetBrains\IntelliJ IDEA Educational Edition 2021.1\bin -Dfile.encoding=UTF-8 
java_command: com.intellij.rt.testng.RemoteTestNGStarter -usedefaultlisteners false -socket59863 @w@C:\Users\chem\AppData\Local\Temp\idea_working_dirs_testng.tmp -temp C:\Users\chem\AppData\Local\Temp\idea_testng1.tmp
java_class_path (initial): C:\Program Files\JetBrains\IntelliJ IDEA Educational Edition 2021.1\lib\idea_rt.jar;C:\Program Files\JetBrains\IntelliJ IDEA Educational Edition 2021.1\plugins\testng\lib\testng-rt.jar;C:\Users\chem\.jdks\corretto-1.8.0_302\jre\lib\charsets.jar;C:\Users\chem\.jdks\corretto-1.8.0_302\jre\lib\ext\access-bridge-64.jar;C:\Users\chem\.jdks\corretto-1.8.0_302\jre\lib\ext\cldrdata.jar;C:\Users\chem\.jdks\corretto-1.8.0_302\jre\lib\ext\dnsns.jar;C:\Users\chem\.jdks\corretto-1.8.0_302\jre\lib\ext\jaccess.jar;C:\Users\chem\.jdks\corretto-1.8.0_302\jre\lib\ext\jfxrt.jar;C:\Users\chem\.jdks\corretto-1.8.0_302\jre\lib\ext\localedata.jar;C:\Users\chem\.jdks\corretto-1.8.0_302\jre\lib\ext\nashorn.jar;C:\Users\chem\.jdks\corretto-1.8.0_302\jre\lib\ext\sunec.jar;C:\Users\chem\.jdks\corretto-1.8.0_302\jre\lib\ext\sunjce_provider.jar;C:\Users\chem\.jdks\corretto-1.8.0_302\jre\lib\ext\sunmscapi.jar;C:\Users\chem\.jdks\corretto-1.8.0_302\jre\lib\ext\sunpkcs11.jar;C:\Users\chem\.jdks\corretto-1.8.0_302\jre\lib\ext\zipfs.jar;C:\Users\chem\.jdks\corretto-1.8.0_302\jre\lib\jce.jar;C:\Users\chem\.jdks\corretto-1.8.0_302\jre\lib\jfr.jar;C:\Users\chem\.jdks\corretto-1.8.0_302\jre\lib\jfxswt.jar;C:\Users\chem\.jdks\corretto-1.8.0_302\jre\lib\jsse.jar;C:\Users\chem\.jdks\corretto-1.8.0_302\jre\lib\management-agent.jar;C:\Users\chem\.jdks\corretto-1.8.0_302\jre\lib\resources.jar;C:\Users\chem\.jdks\corretto-1.8.0_302\jre\lib\rt.jar;D:\RestAssured\target\test-classes;C:\Users\chem\.m2\repository\io\rest-assured\rest-assured\4.2.0\rest-assured-4.2.0.jar;C:\Users\chem\.m2\repository\org\codehaus\groovy\groovy\2.5.8\groovy-2.5.8.jar;C:\Users\chem\.m2\repository\org\codehaus\groovy\groovy-xml\2.5.8\groovy-xml-2.5.8.jar;C:\Users\chem\.m2\repository\org\apache\httpcomponents\httpclient\4.5.3\httpclient-4.5.3.jar;C:\Users\chem\.m2\repository\org\apache\httpcomponents\httpcore\4.4.6\httpcore-4.4.6.jar;C:\Users\chem\.m2\repository\commons-logging\commons-logging\1.2\commons-log
Launcher Type: SUN_STANDARD

Environment Variables:
PATH=C:\Program Files (x86)\Common Files\Oracle\Java\javapath;C:\Program Files\Common Files\Oracle\Java\javapath;C:\Program Files (x86)\Common Files\Intel\Shared Files\cpp\bin\Intel64;C:\Program Files\Common Files\Microsoft Shared\Windows Live;C:\Program Files (x86)\Common Files\Microsoft Shared\Windows Live;C:\Program Files\Broadcom\Broadcom 802.11 Network Adapter\Driver;C:\Program Files (x86)\NVIDIA Corporation\PhysX\Common;C:\WINDOWS\system32;C:\WINDOWS;C:\WINDOWS\System32\Wbem;C:\WINDOWS\System32\WindowsPowerShell\v1.0\;C:\Program Files\Intel\WiFi\bin\;C:\Program Files\Common Files\Intel\WirelessCommon\;C:\Program Files (x86)\Windows Live\Shared;C:\Program Files\Calibre2\;C:\WINDOWS\System32\OpenSSH\;C:\Program Files\Git\cmd;C:\Program Files\Intel\WiFi\bin\;C:\Program Files\Common Files\Intel\WirelessCommon\;C:\Users\chem\AppData\Local\Microsoft\WindowsApps;C:\Users\chem\AppData\Local\GitHubDesktop\bin
USERNAME=chem
OS=Windows_NT
PROCESSOR_IDENTIFIER=Intel64 Family 6 Model 42 Stepping 7, GenuineIntel



---------------  S Y S T E M  ---------------

OS: Windows 10.0 , 64 bit Build 19041 (10.0.19041.1151)

CPU:total 4 (initial active 4) (2 cores per cpu, 2 threads per core) family 6 model 42 stepping 7, cmov, cx8, fxsr, mmx, sse, sse2, sse3, ssse3, sse4.1, sse4.2, popcnt, avx, aes, clmul, ht, tsc, tscinvbit

Memory: 4k page, physical 6139756k(794208k free), swap 7824236k(5228k free)

vm_info: OpenJDK 64-Bit Server VM (25.302-b08) for windows-amd64 JRE (1.8.0_302-b08), built on Jul 15 2021 19:37:21 by "Administrator" with MS VC++ 12.0 (VS2013)

time: Fri Sep 10 20:45:03 2021
timezone: Turkey Standard Time
elapsed time: 75.459662 seconds (0d 0h 1m 15s)

